
Time: 12/13/19 16:28:08.206 - DEBUG *** file /root/cubrid/src/transaction/boot_cl.c, line 1180
boot_restart_client: register client { type 2 db demodb user dba password (null) program csql login root host cubrid1 pid 120986 }

Time: 12/13/19 16:28:08.416 - DEBUG *** file /root/cubrid/src/storage/file_io.c, line 2787
Destroyed volume /root/cubrid/build_x86_64_debug/_install/CUBRID/databases/demodb/demodb_dwb

Time: 12/13/19 16:28:08.417 - DEBUG *** file /root/cubrid/src/storage/file_io.c, line 2209
Created volume /root/cubrid/build_x86_64_debug/_install/CUBRID/databases/demodb/demodb_dwb

Time: 12/13/19 16:28:08.418 - DEBUG *** file /root/cubrid/src/transaction/log_manager.c, line 1013
LOG INITIALIZE
	db_fullname = /root/cubrid/build_x86_64_debug/_install/CUBRID/databases/demodb/demodb 
	logpath = /root/cubrid/build_x86_64_debug/_install/CUBRID/databases/demodb 
	prefix_logname = demodb 
	ismedia_crash = 0 

Time: 12/13/19 16:28:08.707 - DEBUG *** file /root/cubrid/src/transaction/log_recovery.c, line 687
RECOVERY: start with 2860|13920 and stop at -1
Time: 12/13/19 16:28:08.708 - DEBUG *** file /root/cubrid/src/transaction/log_recovery.c, line 2507
logpb_recovery_analysis: log page 2860, checksum 670814017

Time: 12/13/19 16:28:08.708 - NOTIFICATION *** file /root/cubrid/src/transaction/log_recovery.c, line 732  CODE = -1128, Tran = -1, EID = 1
Log recovery is started. The number of log records to be applied: 1. Log page: 2860 ~ 2860.

Time: 12/13/19 16:28:08.715 - NOTIFICATION *** file /root/cubrid/src/transaction/log_page_buffer.c, line 6491  CODE = -977, Tran = -1, EID = 2
Checkpoint started (previous checkpoint page id: 2860, previous redo page id: 2860).

Time: 12/13/19 16:28:08.716 - DEBUG *** file /root/cubrid/src/transaction/log_page_buffer.c, line 6493
start checkpoint

Time: 12/13/19 16:28:08.721 - DEBUG *** file /root/cubrid/src/storage/page_buffer.c, line 9768
flushing page 0|0 to disk without logging.

Time: 12/13/19 16:28:08.724 - NOTIFICATION *** file /root/cubrid/src/transaction/log_page_buffer.c, line 6924  CODE = -978, Tran = -1, EID = 3
Checkpoint finished (checkpoint page id: 2860, checkpoint redo page id: 2860, flushed page count: 0).

Time: 12/13/19 16:28:08.724 - DEBUG *** file /root/cubrid/src/transaction/log_page_buffer.c, line 6926
end checkpoint

Time: 12/13/19 16:28:08.726 - NOTIFICATION *** file /root/cubrid/src/transaction/log_recovery.c, line 848  CODE = -1129, Tran = -1, EID = 4
Log recovery is finished.

Time: 12/13/19 16:28:08.732 - DEBUG *** file /root/cubrid/src/storage/file_io.c, line 2787
Destroyed volume /root/cubrid/build_x86_64_debug/_install/CUBRID/databases/demodb/demodb_lgar_t

Time: 12/13/19 16:28:08.732 - DEBUG *** file /root/cubrid/src/storage/file_io.c, line 2209
Created volume /root/cubrid/build_x86_64_debug/_install/CUBRID/databases/demodb/demodb_lgar_t

Time: 12/13/19 16:28:08.798 - DEBUG *** file /root/cubrid/src/transaction/log_manager.c, line 1448
log_initialize_internal: end of log initializaton, append_lsa = (2860|14168) 

Time: 12/13/19 16:28:08.825 - NOTIFICATION *** file /root/cubrid/src/query/vacuum.c, line 987  CODE = -1190, Tran = -1, EID = 5
Stand-alone vacuum execution is started.

Time: 12/13/19 16:28:08.825 - DEBUG *** file /root/cubrid/src/query/vacuum.c, line 988
Stand-alone vacuum start.

Time: 12/13/19 16:28:09.108 - NOTIFICATION *** file /root/cubrid/src/query/vacuum.c, line 1080  CODE = -1191, Tran = -1, EID = 6
Stand-alone vacuum execution is ended.

Time: 12/13/19 16:28:09.108 - DEBUG *** file /root/cubrid/src/query/vacuum.c, line 1081
Stand-alone vacuum end.

Time: 12/13/19 16:28:09.108 - DEBUG *** file /root/cubrid/src/query/partition.c, line 716
creating partition cache

Time: 12/13/19 16:28:09.108 - NOTIFICATION *** file /root/cubrid/src/transaction/boot_sr.c, line 228  CODE = -973, Tran = -1, EID = 7
Server status is UP.

Time: 12/13/19 16:28:12.892 - DEBUG *** file /root/cubrid/src/storage/file_io.c, line 2787
Destroyed volume /root/cubrid/build_x86_64_debug/_install/CUBRID/databases/demodb/demodb_dwb

Time: 12/13/19 16:28:12.893 - NOTIFICATION *** file /root/cubrid/src/transaction/boot_sr.c, line 228  CODE = -973, Tran = 1, EID = 9
Server status is DOWN.

Time: 12/13/19 16:28:12.893 - DEBUG *** file /root/cubrid/src/query/partition.c, line 751
deleting partition cache

Time: 12/16/19 17:23:15.654 - DEBUG *** file /root/cubrid/src/transaction/boot_cl.c, line 1180
boot_restart_client: register client { type 2 db demodb user dba password (null) program csql login root host cubrid1 pid 46414 }

Time: 12/16/19 17:23:15.654 - ERROR *** file /root/cubrid/src/storage/file_io.c, line 1335 ERROR CODE = -11, Tran = -1, EID = 1
Unable to mount disk volume "/root/cubrid/build_x86_64_debug/_install/CUBRID/databases/demodb/demodb_lgat". The database "/root/cubrid/build_x86_64_debug/_install/CUBRID/databases/demodb/demodb", to which the disk volume belongs, is in use by user root on process 44613 of host cubrid1 since Mon Dec 16 16:46:24 2019.

Time: 12/16/19 17:23:15.654 - ERROR *** file /root/cubrid/src/transaction/boot_sr.c, line 2763 ERROR CODE = -113, Tran = -1, EID = 2
Unable to restart/initialize the database server. Unable to mount disk volume "/root/cubrid/build_x86_64_debug/_install/CUBRID/databases/demodb/demodb_lgat". The database "/root/cubrid/build_x86_64_debug/_install/CUBRID/databases/demodb/demodb", to which the disk volume belongs, is in use by user root on process 44613 of host cubrid1 since Mon Dec 16 16:46:24 2019.

Time: 12/16/19 17:23:15.655 - NOTIFICATION *** file /root/cubrid/src/transaction/boot_sr.c, line 228  CODE = -973, Tran = -1, EID = 3
Server status is DOWN.

Time: 12/16/19 17:23:15.655 - DEBUG *** file /root/cubrid/src/query/partition.c, line 751
deleting partition cache

Time: 12/23/19 10:44:38.277 - DEBUG *** file /root/cubrid/src/transaction/boot_cl.c, line 1180
boot_restart_client: register client { type 2 db demodb user dba password (null) program csql login root host cubrid1 pid 52545 }

Time: 12/23/19 10:44:39.193 - DEBUG *** file /root/cubrid/src/storage/file_io.c, line 2787
Destroyed volume /root/cubrid/build_x86_64_debug/_install/CUBRID/databases/demodb/demodb_dwb

Time: 12/23/19 10:44:39.194 - DEBUG *** file /root/cubrid/src/storage/file_io.c, line 2209
Created volume /root/cubrid/build_x86_64_debug/_install/CUBRID/databases/demodb/demodb_dwb

Time: 12/23/19 10:44:39.199 - DEBUG *** file /root/cubrid/src/transaction/log_manager.c, line 1013
LOG INITIALIZE
	db_fullname = /root/cubrid/build_x86_64_debug/_install/CUBRID/databases/demodb/demodb 
	logpath = /root/cubrid/build_x86_64_debug/_install/CUBRID/databases/demodb 
	prefix_logname = demodb 
	ismedia_crash = 0 

Time: 12/23/19 10:44:39.842 - DEBUG *** file /root/cubrid/src/transaction/log_recovery.c, line 687
RECOVERY: start with 2934|12824 and stop at -1
Time: 12/23/19 10:44:39.843 - DEBUG *** file /root/cubrid/src/transaction/log_recovery.c, line 2507
logpb_recovery_analysis: log page 2934, checksum 567881329

Time: 12/23/19 10:44:39.845 - DEBUG *** file /root/cubrid/src/transaction/log_recovery.c, line 2507
logpb_recovery_analysis: log page 2935, checksum 170311432

Time: 12/23/19 10:44:39.846 - DEBUG *** file /root/cubrid/src/transaction/log_recovery.c, line 2507
logpb_recovery_analysis: log page 2936, checksum -2123705963

Time: 12/23/19 10:44:39.847 - DEBUG *** file /root/cubrid/src/transaction/log_recovery.c, line 2507
logpb_recovery_analysis: log page 2937, checksum 691950068

Time: 12/23/19 10:44:39.848 - DEBUG *** file /root/cubrid/src/transaction/log_recovery.c, line 2507
logpb_recovery_analysis: log page 2938, checksum -958160848

Time: 12/23/19 10:44:39.850 - DEBUG *** file /root/cubrid/src/transaction/log_recovery.c, line 2507
logpb_recovery_analysis: log page 2939, checksum -1230148163

Time: 12/23/19 10:44:39.850 - DEBUG *** file /root/cubrid/src/transaction/log_recovery.c, line 2507
logpb_recovery_analysis: log page 2940, checksum -594422624

Time: 12/23/19 10:44:39.851 - DEBUG *** file /root/cubrid/src/transaction/log_recovery.c, line 2507
logpb_recovery_analysis: log page 2941, checksum -496408663

Time: 12/23/19 10:44:39.852 - DEBUG *** file /root/cubrid/src/transaction/log_recovery.c, line 2507
logpb_recovery_analysis: log page 2942, checksum 1705310387

Time: 12/23/19 10:44:39.853 - DEBUG *** file /root/cubrid/src/transaction/log_recovery.c, line 2507
logpb_recovery_analysis: log page 2943, checksum -490897040

Time: 12/23/19 10:44:39.854 - DEBUG *** file /root/cubrid/src/transaction/log_recovery.c, line 2507
logpb_recovery_analysis: log page 2944, checksum -89299345

Time: 12/23/19 10:44:39.854 - DEBUG *** file /root/cubrid/src/transaction/log_recovery.c, line 2507
logpb_recovery_analysis: log page 2945, checksum 1296895407

Time: 12/23/19 10:44:39.855 - DEBUG *** file /root/cubrid/src/transaction/log_recovery.c, line 2507
logpb_recovery_analysis: log page 2946, checksum -1344992987

Time: 12/23/19 10:44:39.855 - DEBUG *** file /root/cubrid/src/transaction/log_recovery.c, line 2507
logpb_recovery_analysis: log page 2947, checksum 149136768

Time: 12/23/19 10:44:39.856 - DEBUG *** file /root/cubrid/src/transaction/log_recovery.c, line 2507
logpb_recovery_analysis: log page 2948, checksum -1971450082

Time: 12/23/19 10:44:39.857 - DEBUG *** file /root/cubrid/src/transaction/log_recovery.c, line 2507
logpb_recovery_analysis: log page 2949, checksum -1815683566

Time: 12/23/19 10:44:39.857 - NOTIFICATION *** file /root/cubrid/src/transaction/log_recovery.c, line 732  CODE = -1128, Tran = -1, EID = 1
Log recovery is started. The number of log records to be applied: 183. Log page: 2934 ~ 2949.

Time: 12/23/19 10:44:39.897 - NOTIFICATION *** file /root/cubrid/src/transaction/log_page_buffer.c, line 6491  CODE = -977, Tran = -1, EID = 2
Checkpoint started (previous checkpoint page id: 2934, previous redo page id: 2934).

Time: 12/23/19 10:44:39.897 - DEBUG *** file /root/cubrid/src/transaction/log_page_buffer.c, line 6493
start checkpoint

Time: 12/23/19 10:44:39.905 - DEBUG *** file /root/cubrid/src/storage/page_buffer.c, line 9768
flushing page 0|0 to disk without logging.

Time: 12/23/19 10:44:39.908 - NOTIFICATION *** file /root/cubrid/src/transaction/log_page_buffer.c, line 6924  CODE = -978, Tran = -1, EID = 3
Checkpoint finished (checkpoint page id: 2949, checkpoint redo page id: 2949, flushed page count: 0).

Time: 12/23/19 10:44:39.908 - DEBUG *** file /root/cubrid/src/transaction/log_page_buffer.c, line 6926
end checkpoint

Time: 12/23/19 10:44:39.916 - NOTIFICATION *** file /root/cubrid/src/transaction/log_recovery.c, line 848  CODE = -1129, Tran = -1, EID = 4
Log recovery is finished.

Time: 12/23/19 10:44:39.951 - DEBUG *** file /root/cubrid/src/storage/file_io.c, line 2787
Destroyed volume /root/cubrid/build_x86_64_debug/_install/CUBRID/databases/demodb/demodb_lgar_t

Time: 12/23/19 10:44:39.953 - DEBUG *** file /root/cubrid/src/storage/file_io.c, line 2209
Created volume /root/cubrid/build_x86_64_debug/_install/CUBRID/databases/demodb/demodb_lgar_t

Time: 12/23/19 10:44:42.185 - DEBUG *** file /root/cubrid/src/transaction/log_manager.c, line 1448
log_initialize_internal: end of log initializaton, append_lsa = (2949|4184) 

Time: 12/23/19 10:44:42.379 - NOTIFICATION *** file /root/cubrid/src/query/vacuum.c, line 987  CODE = -1190, Tran = -1, EID = 5
Stand-alone vacuum execution is started.

Time: 12/23/19 10:44:42.379 - DEBUG *** file /root/cubrid/src/query/vacuum.c, line 988
Stand-alone vacuum start.

Time: 12/23/19 10:44:42.380 - NOTIFICATION *** file /root/cubrid/src/query/vacuum.c, line 1080  CODE = -1191, Tran = -1, EID = 6
Stand-alone vacuum execution is ended.

Time: 12/23/19 10:44:42.381 - DEBUG *** file /root/cubrid/src/query/vacuum.c, line 1081
Stand-alone vacuum end.

Time: 12/23/19 10:44:42.381 - DEBUG *** file /root/cubrid/src/query/partition.c, line 716
creating partition cache

Time: 12/23/19 10:44:42.381 - NOTIFICATION *** file /root/cubrid/src/transaction/boot_sr.c, line 228  CODE = -973, Tran = -1, EID = 7
Server status is UP.

Time: 12/23/19 10:45:26.621 - NOTIFICATION *** file /root/cubrid/src/transaction/log_tran_table.c, line 2756  CODE = -982, Tran = 1, EID = 9
Set interrupt to the transaction 1.

Time: 12/23/19 10:52:32.362 - DEBUG *** file /root/cubrid/src/storage/file_io.c, line 2787
Destroyed volume /root/cubrid/build_x86_64_debug/_install/CUBRID/databases/demodb/demodb_dwb

Time: 12/23/19 10:52:32.364 - NOTIFICATION *** file /root/cubrid/src/transaction/boot_sr.c, line 228  CODE = -973, Tran = 1, EID = 10
Server status is DOWN.

Time: 12/23/19 10:52:32.364 - DEBUG *** file /root/cubrid/src/query/partition.c, line 751
deleting partition cache

Time: 12/23/19 10:52:33.249 - DEBUG *** file /root/cubrid/src/transaction/boot_cl.c, line 1180
boot_restart_client: register client { type 2 db demodb user dba password (null) program csql login root host cubrid1 pid 52625 }

Time: 12/23/19 10:52:33.505 - DEBUG *** file /root/cubrid/src/storage/file_io.c, line 2209
Created volume /root/cubrid/build_x86_64_debug/_install/CUBRID/databases/demodb/demodb_dwb

Time: 12/23/19 10:52:33.507 - DEBUG *** file /root/cubrid/src/transaction/log_manager.c, line 1013
LOG INITIALIZE
	db_fullname = /root/cubrid/build_x86_64_debug/_install/CUBRID/databases/demodb/demodb 
	logpath = /root/cubrid/build_x86_64_debug/_install/CUBRID/databases/demodb 
	prefix_logname = demodb 
	ismedia_crash = 0 

Time: 12/23/19 10:52:33.819 - DEBUG *** file /root/cubrid/src/storage/file_io.c, line 2787
Destroyed volume /root/cubrid/build_x86_64_debug/_install/CUBRID/databases/demodb/demodb_lgar_t

Time: 12/23/19 10:52:33.819 - DEBUG *** file /root/cubrid/src/storage/file_io.c, line 2209
Created volume /root/cubrid/build_x86_64_debug/_install/CUBRID/databases/demodb/demodb_lgar_t

Time: 12/23/19 10:52:33.900 - DEBUG *** file /root/cubrid/src/transaction/log_manager.c, line 1448
log_initialize_internal: end of log initializaton, append_lsa = (2949|4408) 

Time: 12/23/19 10:52:33.924 - NOTIFICATION *** file /root/cubrid/src/query/vacuum.c, line 987  CODE = -1190, Tran = -1, EID = 1
Stand-alone vacuum execution is started.

Time: 12/23/19 10:52:33.924 - DEBUG *** file /root/cubrid/src/query/vacuum.c, line 988
Stand-alone vacuum start.

Time: 12/23/19 10:52:33.931 - NOTIFICATION *** file /root/cubrid/src/query/vacuum.c, line 1080  CODE = -1191, Tran = -1, EID = 2
Stand-alone vacuum execution is ended.

Time: 12/23/19 10:52:33.931 - DEBUG *** file /root/cubrid/src/query/vacuum.c, line 1081
Stand-alone vacuum end.

Time: 12/23/19 10:52:33.931 - DEBUG *** file /root/cubrid/src/query/partition.c, line 716
creating partition cache

Time: 12/23/19 10:52:33.931 - NOTIFICATION *** file /root/cubrid/src/transaction/boot_sr.c, line 228  CODE = -973, Tran = -1, EID = 3
Server status is UP.

Time: 12/23/19 10:53:17.975 - SYNTAX ERROR *** file /root/cubrid/src/parser/query_result.c, line 378 ERROR CODE = -494, Tran = 1, EID = 5
Semantic: before '  = 1 and col2 =1 limit 1; '
Reference to col1 is ambiguous. select a.col1, a.col2, a.col3, a.col4, b.col1, b.col2, b.col...

Time: 12/23/19 10:53:17.975 - SYNTAX ERROR *** file /root/cubrid/src/compat/db_vdb.c, line 941 ERROR CODE = -492, Tran = 1, EID = 6
before '  = 1 and col2 =1 limit 1; '
Reference to col1 is ambiguous.

Time: 12/23/19 10:53:17.975 - SYNTAX ERROR *** file /root/cubrid/src/compat/db_vdb.c, line 941 ERROR CODE = -492, Tran = 1, EID = 7
before '  =1 limit 1; '
Reference to col2 is ambiguous.

Time: 12/23/19 10:53:25.933 - DEBUG *** file /root/cubrid/src/storage/file_io.c, line 2209
Created volume /root/cubrid/build_x86_64_debug/_install/CUBRID/databases/demodb/demodb_t32766

Time: 12/23/19 14:10:04.157 - DEBUG *** file /root/cubrid/src/storage/file_io.c, line 2787
Destroyed volume /root/cubrid/build_x86_64_debug/_install/CUBRID/databases/demodb/demodb_t32766

Time: 12/23/19 14:10:04.470 - DEBUG *** file /root/cubrid/src/storage/file_io.c, line 2787
Destroyed volume /root/cubrid/build_x86_64_debug/_install/CUBRID/databases/demodb/demodb_dwb

Time: 12/23/19 14:10:04.500 - NOTIFICATION *** file /root/cubrid/src/transaction/boot_sr.c, line 228  CODE = -973, Tran = 1, EID = 8
Server status is DOWN.

Time: 12/23/19 14:10:04.500 - DEBUG *** file /root/cubrid/src/query/partition.c, line 751
deleting partition cache

Time: 12/23/19 15:04:57.802 - DEBUG *** file /root/cubrid/src/transaction/boot_cl.c, line 1180
boot_restart_client: register client { type 2 db demodb user dba password (null) program csql login root host cubrid1 pid 102545 }

Time: 12/23/19 15:05:06.665 - DEBUG *** file /root/cubrid/src/storage/file_io.c, line 2208
Created volume /root/cubrid/build_x86_64_debug/_install/CUBRID/databases/demodb/demodb_dwb

Time: 12/23/19 15:05:06.671 - DEBUG *** file /root/cubrid/src/transaction/log_manager.c, line 1013
LOG INITIALIZE
	db_fullname = /root/cubrid/build_x86_64_debug/_install/CUBRID/databases/demodb/demodb 
	logpath = /root/cubrid/build_x86_64_debug/_install/CUBRID/databases/demodb 
	prefix_logname = demodb 
	ismedia_crash = 0 

Time: 12/23/19 15:05:09.571 - DEBUG *** file /root/cubrid/src/storage/file_io.c, line 2786
Destroyed volume /root/cubrid/build_x86_64_debug/_install/CUBRID/databases/demodb/demodb_lgar_t

Time: 12/23/19 15:05:09.571 - DEBUG *** file /root/cubrid/src/storage/file_io.c, line 2208
Created volume /root/cubrid/build_x86_64_debug/_install/CUBRID/databases/demodb/demodb_lgar_t

Time: 12/23/19 15:05:11.640 - DEBUG *** file /root/cubrid/src/transaction/log_manager.c, line 1448
log_initialize_internal: end of log initializaton, append_lsa = (2949|5392) 

Time: 12/23/19 15:05:12.381 - NOTIFICATION *** file /root/cubrid/src/query/vacuum.c, line 987  CODE = -1190, Tran = -1, EID = 1
Stand-alone vacuum execution is started.

Time: 12/23/19 15:05:12.381 - DEBUG *** file /root/cubrid/src/query/vacuum.c, line 988
Stand-alone vacuum start.

Time: 12/23/19 15:05:12.382 - NOTIFICATION *** file /root/cubrid/src/query/vacuum.c, line 1080  CODE = -1191, Tran = -1, EID = 2
Stand-alone vacuum execution is ended.

Time: 12/23/19 15:05:12.382 - DEBUG *** file /root/cubrid/src/query/vacuum.c, line 1081
Stand-alone vacuum end.

Time: 12/23/19 15:05:12.383 - DEBUG *** file /root/cubrid/src/query/partition.c, line 716
creating partition cache

Time: 12/23/19 15:05:12.383 - NOTIFICATION *** file /root/cubrid/src/transaction/boot_sr.c, line 228  CODE = -973, Tran = -1, EID = 3
Server status is UP.

Time: 12/23/19 15:05:25.891 - NOTIFICATION *** file /root/cubrid/src/transaction/log_tran_table.c, line 2756  CODE = -982, Tran = 1, EID = 5
Set interrupt to the transaction 1.

Time: 12/23/19 15:10:56.585 - DEBUG *** file /root/cubrid/src/storage/file_io.c, line 2786
Destroyed volume /root/cubrid/build_x86_64_debug/_install/CUBRID/databases/demodb/demodb_dwb

Time: 12/23/19 15:10:56.586 - NOTIFICATION *** file /root/cubrid/src/transaction/boot_sr.c, line 228  CODE = -973, Tran = 1, EID = 6
Server status is DOWN.

Time: 12/23/19 15:10:56.586 - DEBUG *** file /root/cubrid/src/query/partition.c, line 751
deleting partition cache

Time: 12/23/19 15:10:57.510 - DEBUG *** file /root/cubrid/src/transaction/boot_cl.c, line 1180
boot_restart_client: register client { type 2 db demodb user dba password (null) program csql login root host cubrid1 pid 103896 }

Time: 12/23/19 15:10:58.035 - DEBUG *** file /root/cubrid/src/storage/file_io.c, line 2208
Created volume /root/cubrid/build_x86_64_debug/_install/CUBRID/databases/demodb/demodb_dwb

Time: 12/23/19 15:10:58.037 - DEBUG *** file /root/cubrid/src/transaction/log_manager.c, line 1013
LOG INITIALIZE
	db_fullname = /root/cubrid/build_x86_64_debug/_install/CUBRID/databases/demodb/demodb 
	logpath = /root/cubrid/build_x86_64_debug/_install/CUBRID/databases/demodb 
	prefix_logname = demodb 
	ismedia_crash = 0 

Time: 12/23/19 15:10:59.123 - DEBUG *** file /root/cubrid/src/storage/file_io.c, line 2786
Destroyed volume /root/cubrid/build_x86_64_debug/_install/CUBRID/databases/demodb/demodb_lgar_t

Time: 12/23/19 15:10:59.124 - DEBUG *** file /root/cubrid/src/storage/file_io.c, line 2208
Created volume /root/cubrid/build_x86_64_debug/_install/CUBRID/databases/demodb/demodb_lgar_t

Time: 12/23/19 15:10:59.229 - DEBUG *** file /root/cubrid/src/transaction/log_manager.c, line 1448
log_initialize_internal: end of log initializaton, append_lsa = (2949|5560) 

Time: 12/23/19 15:10:59.365 - NOTIFICATION *** file /root/cubrid/src/query/vacuum.c, line 987  CODE = -1190, Tran = -1, EID = 1
Stand-alone vacuum execution is started.

Time: 12/23/19 15:10:59.365 - DEBUG *** file /root/cubrid/src/query/vacuum.c, line 988
Stand-alone vacuum start.

Time: 12/23/19 15:10:59.365 - NOTIFICATION *** file /root/cubrid/src/query/vacuum.c, line 1080  CODE = -1191, Tran = -1, EID = 2
Stand-alone vacuum execution is ended.

Time: 12/23/19 15:10:59.365 - DEBUG *** file /root/cubrid/src/query/vacuum.c, line 1081
Stand-alone vacuum end.

Time: 12/23/19 15:10:59.366 - DEBUG *** file /root/cubrid/src/query/partition.c, line 716
creating partition cache

Time: 12/23/19 15:10:59.366 - NOTIFICATION *** file /root/cubrid/src/transaction/boot_sr.c, line 228  CODE = -973, Tran = -1, EID = 3
Server status is UP.

Time: 12/23/19 15:11:41.080 - DEBUG *** file /root/cubrid/src/storage/file_io.c, line 2786
Destroyed volume /root/cubrid/build_x86_64_debug/_install/CUBRID/databases/demodb/demodb_dwb

Time: 12/23/19 15:11:41.081 - NOTIFICATION *** file /root/cubrid/src/transaction/boot_sr.c, line 228  CODE = -973, Tran = 1, EID = 5
Server status is DOWN.

Time: 12/23/19 15:11:41.081 - DEBUG *** file /root/cubrid/src/query/partition.c, line 751
deleting partition cache

Time: 12/23/19 15:48:12.720 - DEBUG *** file /root/cubrid/src/transaction/boot_cl.c, line 1180
boot_restart_client: register client { type 2 db demodb user dba password (null) program csql login root host cubrid1 pid 105705 }

Time: 12/23/19 15:48:13.456 - DEBUG *** file /root/cubrid/src/storage/file_io.c, line 2208
Created volume /root/cubrid/build_x86_64_debug/_install/CUBRID/databases/demodb/demodb_dwb

Time: 12/23/19 15:48:13.458 - DEBUG *** file /root/cubrid/src/transaction/log_manager.c, line 1013
LOG INITIALIZE
	db_fullname = /root/cubrid/build_x86_64_debug/_install/CUBRID/databases/demodb/demodb 
	logpath = /root/cubrid/build_x86_64_debug/_install/CUBRID/databases/demodb 
	prefix_logname = demodb 
	ismedia_crash = 0 

Time: 12/23/19 15:48:14.053 - DEBUG *** file /root/cubrid/src/storage/file_io.c, line 2786
Destroyed volume /root/cubrid/build_x86_64_debug/_install/CUBRID/databases/demodb/demodb_lgar_t

Time: 12/23/19 15:48:14.053 - DEBUG *** file /root/cubrid/src/storage/file_io.c, line 2208
Created volume /root/cubrid/build_x86_64_debug/_install/CUBRID/databases/demodb/demodb_lgar_t

Time: 12/23/19 15:48:14.236 - DEBUG *** file /root/cubrid/src/transaction/log_manager.c, line 1448
log_initialize_internal: end of log initializaton, append_lsa = (2949|5728) 

Time: 12/23/19 15:48:14.300 - NOTIFICATION *** file /root/cubrid/src/query/vacuum.c, line 987  CODE = -1190, Tran = -1, EID = 1
Stand-alone vacuum execution is started.

Time: 12/23/19 15:48:14.300 - DEBUG *** file /root/cubrid/src/query/vacuum.c, line 988
Stand-alone vacuum start.

Time: 12/23/19 15:48:14.307 - NOTIFICATION *** file /root/cubrid/src/query/vacuum.c, line 1080  CODE = -1191, Tran = -1, EID = 2
Stand-alone vacuum execution is ended.

Time: 12/23/19 15:48:14.307 - DEBUG *** file /root/cubrid/src/query/vacuum.c, line 1081
Stand-alone vacuum end.

Time: 12/23/19 15:48:14.308 - DEBUG *** file /root/cubrid/src/query/partition.c, line 716
creating partition cache

Time: 12/23/19 15:48:14.308 - NOTIFICATION *** file /root/cubrid/src/transaction/boot_sr.c, line 228  CODE = -973, Tran = -1, EID = 3
Server status is UP.

Time: 12/23/19 15:49:15.506 - NOTIFICATION *** file /root/cubrid/src/storage/statistics_sr.c, line 166  CODE = -1115, Tran = 1, EID = 5
Started to update statistics (class "tmp", oid : 0|205|3).

Time: 12/23/19 15:49:15.507 - NOTIFICATION *** file /root/cubrid/src/storage/statistics_sr.c, line 321  CODE = -1116, Tran = 1, EID = 6
Finished to update statistics (class "tmp", oid : 0|205|3, error code : 0).

Time: 12/23/19 15:50:49.654 - DEBUG *** file /root/cubrid/src/storage/file_io.c, line 2786
Destroyed volume /root/cubrid/build_x86_64_debug/_install/CUBRID/databases/demodb/demodb_dwb

Time: 12/23/19 15:50:49.656 - NOTIFICATION *** file /root/cubrid/src/transaction/boot_sr.c, line 228  CODE = -973, Tran = 1, EID = 7
Server status is DOWN.

Time: 12/23/19 15:50:49.656 - DEBUG *** file /root/cubrid/src/query/partition.c, line 751
deleting partition cache

Time: 12/23/19 16:13:36.784 - DEBUG *** file /root/cubrid/src/transaction/boot_cl.c, line 1180
boot_restart_client: register client { type 2 db demodb user dba password (null) program csql login root host cubrid1 pid 111960 }

Time: 12/23/19 16:13:37.085 - DEBUG *** file /root/cubrid/src/storage/file_io.c, line 2208
Created volume /root/cubrid/build_x86_64_debug/_install/CUBRID/databases/demodb/demodb_dwb

Time: 12/23/19 16:13:37.094 - DEBUG *** file /root/cubrid/src/transaction/log_manager.c, line 1013
LOG INITIALIZE
	db_fullname = /root/cubrid/build_x86_64_debug/_install/CUBRID/databases/demodb/demodb 
	logpath = /root/cubrid/build_x86_64_debug/_install/CUBRID/databases/demodb 
	prefix_logname = demodb 
	ismedia_crash = 0 

Time: 12/23/19 16:13:37.720 - DEBUG *** file /root/cubrid/src/storage/file_io.c, line 2786
Destroyed volume /root/cubrid/build_x86_64_debug/_install/CUBRID/databases/demodb/demodb_lgar_t

Time: 12/23/19 16:13:37.720 - DEBUG *** file /root/cubrid/src/storage/file_io.c, line 2208
Created volume /root/cubrid/build_x86_64_debug/_install/CUBRID/databases/demodb/demodb_lgar_t

Time: 12/23/19 16:13:37.809 - DEBUG *** file /root/cubrid/src/transaction/log_manager.c, line 1448
log_initialize_internal: end of log initializaton, append_lsa = (2956|10384) 

Time: 12/23/19 16:13:37.852 - NOTIFICATION *** file /root/cubrid/src/query/vacuum.c, line 987  CODE = -1190, Tran = -1, EID = 1
Stand-alone vacuum execution is started.

Time: 12/23/19 16:13:37.852 - DEBUG *** file /root/cubrid/src/query/vacuum.c, line 988
Stand-alone vacuum start.

Time: 12/23/19 16:13:37.853 - NOTIFICATION *** file /root/cubrid/src/query/vacuum.c, line 1080  CODE = -1191, Tran = -1, EID = 2
Stand-alone vacuum execution is ended.

Time: 12/23/19 16:13:37.853 - DEBUG *** file /root/cubrid/src/query/vacuum.c, line 1081
Stand-alone vacuum end.

Time: 12/23/19 16:13:37.853 - DEBUG *** file /root/cubrid/src/query/partition.c, line 716
creating partition cache

Time: 12/23/19 16:13:37.853 - NOTIFICATION *** file /root/cubrid/src/transaction/boot_sr.c, line 228  CODE = -973, Tran = -1, EID = 3
Server status is UP.

Time: 12/23/19 16:14:08.158 - SYNTAX ERROR *** file /root/cubrid/src/compat/db_vdb.c, line 941 ERROR CODE = -492, Tran = 1, EID = 5
In line 3, column 45 before '(2,2)); '
Syntax error: unexpected ',', expecting SELECT or VALUE or VALUES or '('

Time: 12/23/19 16:14:39.822 - DEBUG *** file /root/cubrid/src/storage/file_io.c, line 2786
Destroyed volume /root/cubrid/build_x86_64_debug/_install/CUBRID/databases/demodb/demodb_dwb

Time: 12/23/19 16:14:39.824 - NOTIFICATION *** file /root/cubrid/src/transaction/boot_sr.c, line 228  CODE = -973, Tran = 1, EID = 6
Server status is DOWN.

Time: 12/23/19 16:14:39.824 - DEBUG *** file /root/cubrid/src/query/partition.c, line 751
deleting partition cache

Time: 12/23/19 17:01:22.943 - DEBUG *** file /root/cubrid/src/transaction/boot_cl.c, line 1180
boot_restart_client: register client { type 2 db demodb user dba password (null) program csql login root host cubrid1 pid 118552 }

Time: 12/23/19 17:01:23.373 - DEBUG *** file /root/cubrid/src/storage/file_io.c, line 2208
Created volume /root/cubrid/build_x86_64_debug/_install/CUBRID/databases/demodb/demodb_dwb

Time: 12/23/19 17:01:23.375 - DEBUG *** file /root/cubrid/src/transaction/log_manager.c, line 1013
LOG INITIALIZE
	db_fullname = /root/cubrid/build_x86_64_debug/_install/CUBRID/databases/demodb/demodb 
	logpath = /root/cubrid/build_x86_64_debug/_install/CUBRID/databases/demodb 
	prefix_logname = demodb 
	ismedia_crash = 0 

Time: 12/23/19 17:01:23.768 - DEBUG *** file /root/cubrid/src/storage/file_io.c, line 2786
Destroyed volume /root/cubrid/build_x86_64_debug/_install/CUBRID/databases/demodb/demodb_lgar_t

Time: 12/23/19 17:01:23.768 - DEBUG *** file /root/cubrid/src/storage/file_io.c, line 2208
Created volume /root/cubrid/build_x86_64_debug/_install/CUBRID/databases/demodb/demodb_lgar_t

Time: 12/23/19 17:01:23.886 - DEBUG *** file /root/cubrid/src/transaction/log_manager.c, line 1448
log_initialize_internal: end of log initializaton, append_lsa = (2956|10552) 

Time: 12/23/19 17:01:23.911 - NOTIFICATION *** file /root/cubrid/src/query/vacuum.c, line 987  CODE = -1190, Tran = -1, EID = 1
Stand-alone vacuum execution is started.

Time: 12/23/19 17:01:23.911 - DEBUG *** file /root/cubrid/src/query/vacuum.c, line 988
Stand-alone vacuum start.

Time: 12/23/19 17:01:23.918 - NOTIFICATION *** file /root/cubrid/src/query/vacuum.c, line 1080  CODE = -1191, Tran = -1, EID = 2
Stand-alone vacuum execution is ended.

Time: 12/23/19 17:01:23.918 - DEBUG *** file /root/cubrid/src/query/vacuum.c, line 1081
Stand-alone vacuum end.

Time: 12/23/19 17:01:23.918 - DEBUG *** file /root/cubrid/src/query/partition.c, line 716
creating partition cache

Time: 12/23/19 17:01:23.918 - NOTIFICATION *** file /root/cubrid/src/transaction/boot_sr.c, line 228  CODE = -973, Tran = -1, EID = 3
Server status is UP.

Time: 12/23/19 17:01:38.652 - DEBUG *** file /root/cubrid/src/storage/file_io.c, line 2786
Destroyed volume /root/cubrid/build_x86_64_debug/_install/CUBRID/databases/demodb/demodb_dwb

Time: 12/23/19 17:01:38.653 - NOTIFICATION *** file /root/cubrid/src/transaction/boot_sr.c, line 228  CODE = -973, Tran = 1, EID = 5
Server status is DOWN.

Time: 12/23/19 17:01:38.653 - DEBUG *** file /root/cubrid/src/query/partition.c, line 751
deleting partition cache

Time: 12/23/19 17:55:59.497 - DEBUG *** file /root/cubrid/src/transaction/boot_cl.c, line 1180
boot_restart_client: register client { type 2 db demodb user dba password (null) program csql login root host cubrid1 pid 125245 }

Time: 12/23/19 17:56:00.426 - DEBUG *** file /root/cubrid/src/storage/file_io.c, line 2208
Created volume /root/cubrid/build_x86_64_debug/_install/CUBRID/databases/demodb/demodb_dwb

Time: 12/23/19 17:56:00.432 - DEBUG *** file /root/cubrid/src/transaction/log_manager.c, line 1013
LOG INITIALIZE
	db_fullname = /root/cubrid/build_x86_64_debug/_install/CUBRID/databases/demodb/demodb 
	logpath = /root/cubrid/build_x86_64_debug/_install/CUBRID/databases/demodb 
	prefix_logname = demodb 
	ismedia_crash = 0 

Time: 12/23/19 17:56:00.934 - DEBUG *** file /root/cubrid/src/storage/file_io.c, line 2786
Destroyed volume /root/cubrid/build_x86_64_debug/_install/CUBRID/databases/demodb/demodb_lgar_t

Time: 12/23/19 17:56:00.934 - DEBUG *** file /root/cubrid/src/storage/file_io.c, line 2208
Created volume /root/cubrid/build_x86_64_debug/_install/CUBRID/databases/demodb/demodb_lgar_t

Time: 12/23/19 17:56:01.354 - DEBUG *** file /root/cubrid/src/transaction/log_manager.c, line 1448
log_initialize_internal: end of log initializaton, append_lsa = (2956|10720) 

Time: 12/23/19 17:56:01.376 - NOTIFICATION *** file /root/cubrid/src/query/vacuum.c, line 987  CODE = -1190, Tran = -1, EID = 1
Stand-alone vacuum execution is started.

Time: 12/23/19 17:56:01.376 - DEBUG *** file /root/cubrid/src/query/vacuum.c, line 988
Stand-alone vacuum start.

Time: 12/23/19 17:56:01.378 - NOTIFICATION *** file /root/cubrid/src/query/vacuum.c, line 1080  CODE = -1191, Tran = -1, EID = 2
Stand-alone vacuum execution is ended.

Time: 12/23/19 17:56:01.378 - DEBUG *** file /root/cubrid/src/query/vacuum.c, line 1081
Stand-alone vacuum end.

Time: 12/23/19 17:56:01.379 - DEBUG *** file /root/cubrid/src/query/partition.c, line 716
creating partition cache

Time: 12/23/19 17:56:01.379 - NOTIFICATION *** file /root/cubrid/src/transaction/boot_sr.c, line 228  CODE = -973, Tran = -1, EID = 3
Server status is UP.

Time: 12/23/19 17:59:23.896 - DEBUG *** file /root/cubrid/src/storage/file_io.c, line 2786
Destroyed volume /root/cubrid/build_x86_64_debug/_install/CUBRID/databases/demodb/demodb_dwb

Time: 12/23/19 17:59:23.898 - NOTIFICATION *** file /root/cubrid/src/transaction/boot_sr.c, line 228  CODE = -973, Tran = 1, EID = 5
Server status is DOWN.

Time: 12/23/19 17:59:23.898 - DEBUG *** file /root/cubrid/src/query/partition.c, line 751
deleting partition cache
