|SourceProjectName:cubrid.hpr
|DestinationProjectName:index.htm
whhost.js
whmsg.js
whmozemu.js
whproxy.js
whstub.js
whutils.js
whver.js
whform.js
whphost.js
whstart.js
whtopic.js
whframes.js
whlang.js
whskin_info.htm
whskin_blank.htm
whskin_pickup.htm
whskin_homepage.htm
whskin_tw.htm
whnjs.htm
whthost.js
whtdhtml.htm
whihost.js
whibody.htm
whiform.htm
whfhost.js
whfbody.htm
whfform.htm
whghost.js
whgbody.htm
whgdhtml.htm
whgdef.htm
whproj.js
whproj.xml
whproj.htm
whxdata\whtoc.xml
whxdata\whidx.xml
whxdata\whglo.xml
whdata\whtoc.js
whdata\whtoc.htm
whdata\whtdata.js
whdata\whidx.js
whdata\whidx.htm
whdata\whidata.js
whdata\whglo.js
whdata\whglo.htm
whdata\whgdata.js
resource\resource.xml
whbrs.xml
whres.xml
whgdata\whnvp30.htm
whgdata\whnvp31.htm
whgdata\whnvp32.htm
whgdata\whnvp33.htm
whgdata\whnvt30.htm
whgdata\whnvt31.htm
whgdata\whnvt32.htm
whgdata\whnvt33.htm
whgdata\whnvf30.htm
whgdata\whnvf31.htm
whgdata\whnvf32.htm
whgdata\whnvf33.htm
whgdata\whnvl31.htm
whgdata\whnvl32.htm
whgdata\whnvl33.htm
whgdata\whexpbar.gif
cshdat_webhelp.htm
whcsh_home.htm
whcshdata.htm
cshdat_robohelp.htm
wht_tab0.gif
wht_tab1.gif
wht_tab2.gif
wht_tab3.gif
wht_tab4.gif
wht_tab5.gif
wht_tab6.gif
wht_tab7.gif
wht_tab8.gif
wht_glo_h.gif
wht_glo_n.gif
wht_fts_h.gif
wht_fts_n.gif
wht_idx_h.gif
wht_idx_n.gif
wht_toc_h.gif
wht_toc_n.gif
wht_ws.gif
wht_ws_g.gif
wht_logo1.gif
wht_logo2.gif
wht_abgw.jpg
wht_abgi.jpg
wht_abge.jpg
wht_abtw.jpg
wht_abte.jpg
wht_abti.jpg
wht_spac.gif
wht_next.gif
wht_next_g.gif
wht_prev.gif
wht_prev_g.gif
wht_sync.gif
wht_hide.gif
wht_go.gif
whstart.ico
whestart.ico
whrstart.ico
whidhtml.htm
whfdhtml.htm
whskin_banner.htm
whtbar.js
blueback.gif
content.gif
index.gif
search.gif
other_index.gif
go.gif
leftarrow.gif
r01.gif
rightarrow.gif
r02.gif
directional.gif
close.gif
urls.gif
book_closed.gif
bookopen.gif
page.gif
whskin_pdhtml.htm
whskin_plist.htm
whskin_tbars.htm
whskin_mbars.htm
whskin_frmset010.htm
whst_topics.xml
whskin_frmset01.htm
index_hha.hhk
index.hhc
index.hhk
admin\admin.htm
admin\admin_br_backup.htm
admin\admin_br_backuppolicy.htm
admin\admin_br_file.htm
admin\admin_br_otherserver.htm
admin\admin_br_recovery.htm
admin\admin_br_recoverypolicy.htm
admin\admin_br_syntax.htm
admin\admin_db_addvol.htm
admin\admin_db_backup.htm
admin\admin_db_check.htm
admin\admin_db_create_create.htm
admin\admin_db_create_file.htm
admin\admin_db_diagnosis.htm
admin\admin_db_drop.htm
admin\admin_db_killtran.htm
admin\admin_db_loadunload.htm
admin\admin_db_lock.htm
admin\admin_db_optimize.htm
admin\admin_db_paramdump.htm
admin\admin_db_patchlog.htm
admin\admin_db_plan.htm
admin\admin_db_rename.htm
admin\admin_db_space.htm
admin\admin_db_user.htm
admin\admin_ha_catalog.htm
admin\admin_ha_glossary.htm
admin\admin_ha_intro.htm
admin\admin_ha_jdbc.htm
admin\admin_ha_setting.htm
admin\admin_ha_utility.htm
admin\admin_migration_file.htm
admin\admin_migration_load.htm
admin\admin_migration_migration.htm
admin\admin_migration_unload.htm
admin\admin_repl_concept.htm
admin\admin_repl_concept_feature.htm
admin\admin_repl_concept_scenario.htm
admin\admin_repl_concept_structure.htm
admin\admin_repl_directions.htm
admin\admin_repl_implementation_rules.htm
admin\admin_repl_implementation_schema.htm
admin\admin_repl_implementation_structure.htm
admin\admin_repl_restrictions.htm
admin\admin_repl_setup.htm
admin\admin_repl_setup_addslavedb.htm
admin\admin_repl_setup_delslavedb.htm
admin\admin_repl_setup_distdb.htm
admin\admin_repl_setup_group.htm
admin\admin_repl_setup_managestatus.htm
admin\admin_repl_setup_masterdb.htm
admin\admin_repl_setup_parameter.htm
admin\admin_repl_setup_replacedb.htm
admin\admin_repl_setup_replacedbauto.htm
admin\admin_repl_setup_replparam.htm
admin\admin_repl_setup_server.htm
admin\admin_repl_setup_snapshot.htm
admin\admin_service_broker_all.htm
admin\admin_service_broker_dynamic.htm
admin\admin_service_broker_log.htm
admin\admin_service_broker_specific.htm
admin\admin_service_broker_status.htm
admin\admin_service_conf_command.htm
admin\admin_service_conf_register.htm
admin\admin_service_conf_start.htm
admin\admin_service_conf_status.htm
admin\admin_service_manager_log.htm
admin\admin_service_manager_start.htm
admin\admin_service_server_command.htm
admin\admin_service_server_start.htm
admin\admin_service_server_status.htm
admin\admin_utility.htm
api\api.htm
api\api_cci_bindparam.htm
api\api_cci_bindparamarray.htm
api\api_cci_bindparamarraysize.htm
api\api_cci_closereqhandle.htm
api\api_cci_colget.htm
api\api_cci_colsize.htm
api\api_cci_compressdata.htm
api\api_cci_connect.htm
api\api_cci_cursor.htm
api\api_cci_cursorupdate.htm
api\api_cci_disconnect.htm
api\api_cci_endtran.htm
api\api_cci_execute.htm
api\api_cci_executearray.htm
api\api_cci_executebatch.htm
api\api_cci_executeresult.htm
api\api_cci_fetch.htm
api\api_cci_fetchbufferclear.htm
api\api_cci_fetchsensitive.htm
api\api_cci_fetchsize.htm
api\api_cci_getbindnum.htm
api\api_cci_getclassnumobjs.htm
api\api_cci_getcollectiondomain.htm
api\api_cci_getcuroid.htm
api\api_cci_getdata.htm
api\api_cci_getdbparam.htm
api\api_cci_getdbversion.htm
api\api_cci_getresultinfo.htm
api\api_cci_getresultinfoattrname.htm
api\api_cci_getresultinfoclassname.htm
api\api_cci_getresultinfoisnonnull.htm
api\api_cci_getresultinfoname.htm
api\api_cci_getresultinfoprecision.htm
api\api_cci_getresultinfoscale.htm
api\api_cci_getresultinfotype.htm
api\api_cci_gloappenddata.htm
api\api_cci_glodatasize.htm
api\api_cci_glodeletedata.htm
api\api_cci_glodestroydata.htm
api\api_cci_gloinsertdata.htm
api\api_cci_gloload.htm
api\api_cci_glonew.htm
api\api_cci_gloreaddata.htm
api\api_cci_glosave.htm
api\api_cci_glotruncatedata.htm
api\api_cci_glowritedata.htm
api\api_cci_intro_intro.htm
api\api_cci_intro_typedef.htm
api\api_cci_issettype.htm
api\api_cci_isupdatable.htm
api\api_cci_nextresult.htm
api\api_cci_oid.htm
api\api_cci_oidget.htm
api\api_cci_oidgetclassname.htm
api\api_cci_oidput.htm
api\api_cci_oidput2.htm
api\api_cci_prepare.htm
api\api_cci_queryresulterrmsg.htm
api\api_cci_queryresultfree.htm
api\api_cci_queryresultresult.htm
api\api_cci_queryresultstmttype.htm
api\api_cci_savepoint.htm
api\api_cci_schemainfo.htm
api\api_cci_seqdrop.htm
api\api_cci_seqinsert.htm
api\api_cci_seqput.htm
api\api_cci_setadd.htm
api\api_cci_setdbparam.htm
api\api_cci_setdrop.htm
api\api_cci_setelementtype.htm
api\api_cci_setfree.htm
api\api_cci_setget.htm
api\api_cci_setisolationlevel.htm
api\api_cci_setmake.htm
api\api_cci_setmaxrow.htm
api\api_cci_setsize.htm
api\api_jdbc_connection_getnewglo.htm
api\api_jdbc_connection_intro.htm
api\api_jdbc_cubridoid_addtoseq.htm
api\api_jdbc_cubridoid_addtoset.htm
api\api_jdbc_cubridoid_getnewinst.htm
api\api_jdbc_cubridoid_getoidstring.htm
api\api_jdbc_cubridoid_gettablename.htm
api\api_jdbc_cubridoid_getvalues.htm
api\api_jdbc_cubridoid_intro.htm
api\api_jdbc_cubridoid_isinst.htm
api\api_jdbc_cubridoid_loadglo.htm
api\api_jdbc_cubridoid_putintoseq.htm
api\api_jdbc_cubridoid_remove.htm
api\api_jdbc_cubridoid_rmvfromseq.htm
api\api_jdbc_cubridoid_rmvfromset.htm
api\api_jdbc_cubridoid_saveglo.htm
api\api_jdbc_cubridoid_setreadlock.htm
api\api_jdbc_cubridoid_setvalues.htm
api\api_jdbc_cubridoid_setwritelock.htm
api\api_jdbc_prepared_executeinsert.htm
api\api_jdbc_prepared_intro.htm
api\api_jdbc_prepared_setcollection.htm
api\api_jdbc_prepared_setoid.htm
api\api_jdbc_programming_autoincr.htm
api\api_jdbc_programming_connection.htm
api\api_jdbc_programming_driver.htm
api\api_jdbc_programming_oidcollection.htm
api\api_jdbc_resultmeta_getelementtype.htm
api\api_jdbc_resultmeta_getelementtypename.htm
api\api_jdbc_resultmeta_intro.htm
api\api_jdbc_resultset_getcollection.htm
api\api_jdbc_resultset_getoid.htm
api\api_jdbc_resultset_intro.htm
api\api_jdbc_stmt_executeinsert.htm
api\api_jdbc_stmt_intro.htm
api\api_odbc_programming_compatibility.htm
api\api_odbc_programming_driver.htm
api\api_odbc_programming_oidcol.htm
api\api_oledb_programming_connectstring.htm
api\api_oledb_programming_dialog.htm
api\api_oledb_programming_dotnet.htm
api\api_php_affectedrows.htm
api\api_php_bind.htm
api\api_php_closerequest.htm
api\api_php_colget.htm
api\api_php_colsize.htm
api\api_php_columnnames.htm
api\api_php_columntypes.htm
api\api_php_commit.htm
api\api_php_connect.htm
api\api_php_currentoid.htm
api\api_php_disconnect.htm
api\api_php_drop.htm
api\api_php_errorcode.htm
api\api_php_errorcodefacility.htm
api\api_php_errormsg.htm
api\api_php_execute.htm
api\api_php_fetch.htm
api\api_php_get.htm
api\api_php_getclassname.htm
api\api_php_isinstance.htm
api\api_php_loadfromglo.htm
api\api_php_lockread.htm
api\api_php_lockwrite.htm
api\api_php_movecursor.htm
api\api_php_newglo.htm
api\api_php_numcols.htm
api\api_php_numrows.htm
api\api_php_prepare.htm
api\api_php_programming_basic.htm
api\api_php_programming_cubrid.htm
api\api_php_put.htm
api\api_php_rollback.htm
api\api_php_savetoglo.htm
api\api_php_schema.htm
api\api_php_sendglo.htm
api\api_php_seqdrop.htm
api\api_php_seqinsert.htm
api\api_php_seqput.htm
api\api_php_setadd.htm
api\api_php_setdrop.htm
api\api_php_version.htm
csql\csql.htm
csql\csql_exec_executing.htm
csql\csql_exec_mode.htm
csql\csql_exec_option.htm
csql\csql_intro.htm
csql\csql_sessioncommand.htm
cubrid.htm
gs\gs.htm
gs\gs_app_cci_library.htm
gs\gs_app_cci_sample.htm
gs\gs_app_jdbc_sample.htm
gs\gs_app_jdbc_setting.htm
gs\gs_app_odbc_asp.htm
gs\gs_app_odbc_setting.htm
gs\gs_app_php_install.htm
gs\gs_app_php_sample.htm
gs\gs_csql_query.htm
gs\gs_csql_start.htm
gs\gs_install_linux.htm
gs\gs_install_windows.htm
gs\gs_manager_query.htm
gs\gs_manager_start.htm
gs\gs_must_envar.htm
gs\gs_must_langset.htm
intro\intro.htm
intro\intro_arch_arch.htm
intro\intro_arch_broker.htm
intro\intro_arch_interface.htm
intro\intro_arch_server.htm
intro\intro_arch_volume.htm
intro\intro_feature.htm
manager\manager.htm
manager\manager_architecture_client_eclipse.htm
manager\manager_architecture_client_rcp.htm
manager\manager_architecture_server.htm
manager\manager_broker_architecture.htm
manager\manager_broker_function.htm
manager\manager_broker_menu.htm
manager\manager_broker_sqllog.htm
manager\manager_database_add.htm
manager\manager_database_architecture.htm
manager\manager_database_backup.htm
manager\manager_database_check.htm
manager\manager_database_copy.htm
manager\manager_database_dbspace.htm
manager\manager_database_delete.htm
manager\manager_database_jobauto_backup.htm
manager\manager_database_jobauto_query.htm
manager\manager_database_load.htm
manager\manager_database_lock.htm
manager\manager_database_oid.htm
manager\manager_database_optimize.htm
manager\manager_database_procedure.htm
manager\manager_database_rename.htm
manager\manager_database_restore.htm
manager\manager_database_serial.htm
manager\manager_database_set.htm
manager\manager_database_space.htm
manager\manager_database_table.htm
manager\manager_database_transaction.htm
manager\manager_database_trigger.htm
manager\manager_database_unload.htm
manager\manager_database_user.htm
manager\manager_database_view.htm
manager\manager_execute_client.htm
manager\manager_execute_server.htm
manager\manager_execute_setting.htm
manager\manager_host_add.htm
manager\manager_host_connect.htm
manager\manager_host_default.htm
manager\manager_log.htm
manager\manager_monitor.htm
manager\manager_properties.htm
manager\manager_queryeditor_architecture.htm
manager\manager_queryeditor_editor.htm
manager\manager_queryeditor_option.htm
manager\manager_queryeditor_queryplan.htm
manager\manager_queryeditor_result.htm
manager\manager_queryeditor_toolbar.htm
manager\manager_service.htm
manager\manager_user_auth.htm
manager\manager_user_edit.htm
pm\pm.htm
pm\pm_broker_common.htm
pm\pm_broker_one.htm
pm\pm_broker_setting.htm
pm\pm_db_classify_connect.htm
pm\pm_db_classify_disk.htm
pm\pm_db_classify_error.htm
pm\pm_db_classify_etc.htm
pm\pm_db_classify_lock.htm
pm\pm_db_classify_logging.htm
pm\pm_db_classify_memory.htm
pm\pm_db_classify_querycache.htm
pm\pm_db_classify_transaction.htm
pm\pm_db_classify_type.htm
pm\pm_db_classify_utility.htm
pm\pm_db_conf_change.htm
pm\pm_db_setting.htm
pm\pm_manager_parameter.htm
pm\pm_manager_setting.htm
pm\pm_server_general.htm
syntax\csql_notation_condition.htm
syntax\csql_notation_datataype.htm
syntax\csql_notation_expression.htm
syntax\csql_notation_idennamevariable.htm
syntax\csql_notation_literal.htm
syntax\csql_notation_sqllist_alter.htm
syntax\csql_notation_sqllist_call.htm
syntax\csql_notation_sqllist_commit.htm
syntax\csql_notation_sqllist_create.htm
syntax\csql_notation_sqllist_delete.htm
syntax\csql_notation_sqllist_drop.htm
syntax\csql_notation_sqllist_evaluate.htm
syntax\csql_notation_sqllist_execute.htm
syntax\csql_notation_sqllist_grant.htm
syntax\csql_notation_sqllist_index.htm
syntax\csql_notation_sqllist_insert.htm
syntax\csql_notation_sqllist_list.htm
syntax\csql_notation_sqllist_optimization.htm
syntax\csql_notation_sqllist_partition.htm
syntax\csql_notation_sqllist_rename.htm
syntax\csql_notation_sqllist_rollback.htm
syntax\csql_notation_sqllist_savepoint.htm
syntax\csql_notation_sqllist_select.htm
syntax\csql_notation_sqllist_transaction.htm
syntax\csql_notation_sqllist_trigger.htm
syntax\csql_notation_sqllist_update.htm
syntax\csql_notation_sqllist_updatestatisticson.htm
syntax\csql_notation_sqllist_user.htm
syntax\csql_notation_table.htm
syntax\csql_syntaxtype_comment.htm
syntax\csql_syntaxtype_identifier.htm
syntax\csql_syntaxtype_keyword.htm
syntax\syntax.htm
syntax\syntax_access_authority.htm
syntax\syntax_access_cancel.htm
syntax\syntax_access_dbuser.htm
syntax\syntax_access_manage.htm
syntax\syntax_catalog_authorization.htm
syntax\syntax_catalog_class_class.htm
syntax\syntax_catalog_class_dbattribute.htm
syntax\syntax_catalog_class_dbauth.htm
syntax\syntax_catalog_class_dbauthorization.htm
syntax\syntax_catalog_class_dbclass.htm
syntax\syntax_catalog_class_dbdatatype.htm
syntax\syntax_catalog_class_dbdomain.htm
syntax\syntax_catalog_class_dbindex.htm
syntax\syntax_catalog_class_dbindexkey.htm
syntax\syntax_catalog_class_dbmetharg.htm
syntax\syntax_catalog_class_dbmethfile.htm
syntax\syntax_catalog_class_dbmethod.htm
syntax\syntax_catalog_class_dbmethsig.htm
syntax\syntax_catalog_class_dbpartition.htm
syntax\syntax_catalog_class_dbqueryspec.htm
syntax\syntax_catalog_class_dbstoredprocedure.htm
syntax\syntax_catalog_class_dbstoredprocedureargs.htm
syntax\syntax_catalog_class_dbtrigger.htm
syntax\syntax_catalog_class_dbuser.htm
syntax\syntax_catalog_consistency.htm
syntax\syntax_catalog_intro.htm
syntax\syntax_catalog_query.htm
syntax\syntax_catalog_vclass_dbattribute.htm
syntax\syntax_catalog_vclass_dbattrsetdomainelm.htm
syntax\syntax_catalog_vclass_dbauth.htm
syntax\syntax_catalog_vclass_dbclass.htm
syntax\syntax_catalog_vclass_dbdirectsuperclass.htm
syntax\syntax_catalog_vclass_dbindex.htm
syntax\syntax_catalog_vclass_dbindexkey.htm
syntax\syntax_catalog_vclass_dbmetharg.htm
syntax\syntax_catalog_vclass_dbmethargsetdomainelm.htm
syntax\syntax_catalog_vclass_dbmethfile.htm
syntax\syntax_catalog_vclass_dbmethod.htm
syntax\syntax_catalog_vclass_dbpartition.htm
syntax\syntax_catalog_vclass_dbstoredprocedure.htm
syntax\syntax_catalog_vclass_dbstoredprocedureargs.htm
syntax\syntax_catalog_vclass_dbtrig.htm
syntax\syntax_catalog_vclass_dbvclass.htm
syntax\syntax_catalog_vclass_vclass.htm
syntax\syntax_datatype_bit_bit.htm
syntax\syntax_datatype_bit_bitvarying.htm
syntax\syntax_datatype_bit_def.htm
syntax\syntax_datatype_collection_def.htm
syntax\syntax_datatype_collection_list.htm
syntax\syntax_datatype_collection_multiset.htm
syntax\syntax_datatype_collection_set.htm
syntax\syntax_datatype_date_date.htm
syntax\syntax_datatype_date_datetime.htm
syntax\syntax_datatype_date_def.htm
syntax\syntax_datatype_date_time.htm
syntax\syntax_datatype_date_timestamp.htm
syntax\syntax_datatype_num_bigint.htm
syntax\syntax_datatype_num_decimal.htm
syntax\syntax_datatype_num_def.htm
syntax\syntax_datatype_num_double.htm
syntax\syntax_datatype_num_float.htm
syntax\syntax_datatype_num_integer.htm
syntax\syntax_datatype_num_monetary.htm
syntax\syntax_datatype_num_smallint.htm
syntax\syntax_datatype_string_char.htm
syntax\syntax_datatype_string_def.htm
syntax\syntax_datatype_string_nchar.htm
syntax\syntax_datatype_string_ncharvarying.htm
syntax\syntax_datatype_string_string.htm
syntax\syntax_datatype_string_varchar.htm
syntax\syntax_index_create.htm
syntax\syntax_index_delete.htm
syntax\syntax_index_mod.htm
syntax\syntax_instance_create_query.htm
syntax\syntax_instance_create_sub.htm
syntax\syntax_instance_create_syntax.htm
syntax\syntax_instance_delete.htm
syntax\syntax_instance_update.htm
syntax\syntax_javasp_call_app.htm
syntax\syntax_javasp_call_basic.htm
syntax\syntax_javasp_call_sql.htm
syntax\syntax_javasp_loadjava.htm
syntax\syntax_javasp_note.htm
syntax\syntax_javasp_other.htm
syntax\syntax_javasp_overview.htm
syntax\syntax_javasp_publish_callspec.htm
syntax\syntax_javasp_publish_overview.htm
syntax\syntax_javasp_serverside.htm
syntax\syntax_javasp_settings.htm
syntax\syntax_javasp_step.htm
syntax\syntax_method_call_call.htm
syntax\syntax_method_call_evaluate.htm
syntax\syntax_method_call_intro.htm
syntax\syntax_method_intro.htm
syntax\syntax_method_type.htm
syntax\syntax_mm_glo_attr.htm
syntax\syntax_mm_glo_concurrency.htm
syntax\syntax_mm_glo_intro.htm
syntax\syntax_mm_glo_method.htm
syntax\syntax_mm_glo_recovery.htm
syntax\syntax_operator_cast.htm
syntax\syntax_operator_collection.htm
syntax\syntax_operator_cond_case.htm
syntax\syntax_operator_cond_decode.htm
syntax\syntax_operator_cond_greatest.htm
syntax\syntax_operator_cond_least.htm
syntax\syntax_operator_cond_nullif.htm
syntax\syntax_operator_cond_nvl.htm
syntax\syntax_operator_contain_contain.htm
syntax\syntax_operator_contain_seteq.htm
syntax\syntax_operator_contain_setneq.htm
syntax\syntax_operator_contain_subset.htm
syntax\syntax_operator_contain_subseteq.htm
syntax\syntax_operator_contain_superset.htm
syntax\syntax_operator_contain_superseteq.htm
syntax\syntax_operator_counter_groupbynum.htm
syntax\syntax_operator_counter_incr.htm
syntax\syntax_operator_counter_orderbynum.htm
syntax\syntax_operator_counter_rownum.htm
syntax\syntax_operator_datefunc_addmonth.htm
syntax\syntax_operator_datefunc_between.htm
syntax\syntax_operator_datefunc_lastday.htm
syntax\syntax_operator_datefunc_sysdate.htm
syntax\syntax_operator_datefunc_sysdatetime.htm
syntax\syntax_operator_datefunc_systime.htm
syntax\syntax_operator_datefunc_systimestamp.htm
syntax\syntax_operator_extract.htm
syntax\syntax_operator_math.htm
syntax\syntax_operator_math_bit.htm
syntax\syntax_operator_math_date.htm
syntax\syntax_operator_math_numeric.htm
syntax\syntax_operator_multi_avg.htm
syntax\syntax_operator_multi_max.htm
syntax\syntax_operator_multi_min.htm
syntax\syntax_operator_multi_stddev.htm
syntax\syntax_operator_multi_sum.htm
syntax\syntax_operator_multi_variance.htm
syntax\syntax_operator_numfunc_abs.htm
syntax\syntax_operator_numfunc_ceil.htm
syntax\syntax_operator_numfunc_drand.htm
syntax\syntax_operator_numfunc_floor.htm
syntax\syntax_operator_numfunc_mod.htm
syntax\syntax_operator_numfunc_power.htm
syntax\syntax_operator_numfunc_rand.htm
syntax\syntax_operator_numfunc_round.htm
syntax\syntax_operator_numfunc_sign.htm
syntax\syntax_operator_numfunc_trunc.htm
syntax\syntax_operator_rel.htm
syntax\syntax_operator_strfunc_bitlength.htm
syntax\syntax_operator_strfunc_charlength.htm
syntax\syntax_operator_strfunc_chr.htm
syntax\syntax_operator_strfunc_concat.htm
syntax\syntax_operator_strfunc_instr.htm
syntax\syntax_operator_strfunc_length.htm
syntax\syntax_operator_strfunc_like.htm
syntax\syntax_operator_strfunc_lower.htm
syntax\syntax_operator_strfunc_lpad.htm
syntax\syntax_operator_strfunc_ltrim.htm
syntax\syntax_operator_strfunc_octetlength.htm
syntax\syntax_operator_strfunc_position.htm
syntax\syntax_operator_strfunc_replace.htm
syntax\syntax_operator_strfunc_rpad.htm
syntax\syntax_operator_strfunc_rtrim.htm
syntax\syntax_operator_strfunc_substr.htm
syntax\syntax_operator_strfunc_substring.htm
syntax\syntax_operator_strfunc_trans.htm
syntax\syntax_operator_strfunc_trim.htm
syntax\syntax_operator_strfunc_upper.htm
syntax\syntax_operator_to_char.htm
syntax\syntax_operator_to_date.htm
syntax\syntax_operator_to_datetime.htm
syntax\syntax_operator_to_number.htm
syntax\syntax_operator_to_time.htm
syntax\syntax_operator_to_timestamp.htm
syntax\syntax_operator_user_current.htm
syntax\syntax_partition.htm
syntax\syntax_partition_hash_define.htm
syntax\syntax_partition_hash_redefine.htm
syntax\syntax_partition_list_define.htm
syntax\syntax_partition_list_delete.htm
syntax\syntax_partition_list_redefine.htm
syntax\syntax_partition_manage_convert.htm
syntax\syntax_partition_manage_datatype.htm
syntax\syntax_partition_manage_move.htm
syntax\syntax_partition_manage_nconvert.htm
syntax\syntax_partition_manage_pruning.htm
syntax\syntax_partition_manage_retreive.htm
syntax\syntax_partition_manage_statistics.htm
syntax\syntax_partition_manage_view.htm
syntax\syntax_partition_range_add.htm
syntax\syntax_partition_range_define.htm
syntax\syntax_partition_range_delete.htm
syntax\syntax_partition_range_redefine.htm
syntax\syntax_retreive_etc_join.htm
syntax\syntax_retreive_etc_sub.htm
syntax\syntax_retreive_from.htm
syntax\syntax_retreive_group.htm
syntax\syntax_retreive_index.htm
syntax\syntax_retreive_opt_hint.htm
syntax\syntax_retreive_opt_plan.htm
syntax\syntax_retreive_opt_statistics.htm
syntax\syntax_retreive_order.htm
syntax\syntax_retreive_select.htm
syntax\syntax_retreive_where.htm
syntax\syntax_serial_alter.htm
syntax\syntax_serial_authority.htm
syntax\syntax_serial_create.htm
syntax\syntax_serial_delete.htm
syntax\syntax_serial_update.htm
syntax\syntax_table_conflict_intro.htm
syntax\syntax_table_conflict_specifier.htm
syntax\syntax_table_conflict_sub.htm
syntax\syntax_table_conflict_super.htm
syntax\syntax_table_create_col.htm
syntax\syntax_table_create_cond.htm
syntax\syntax_table_create_syntax.htm
syntax\syntax_table_delete.htm
syntax\syntax_table_inherit_add.htm
syntax\syntax_table_inherit_attr.htm
syntax\syntax_table_inherit_class.htm
syntax\syntax_table_inherit_inherit.htm
syntax\syntax_table_inherit_intro.htm
syntax\syntax_table_inherit_order.htm
syntax\syntax_table_inherit_remove.htm
syntax\syntax_table_invariantschema.htm
syntax\syntax_table_mod_coladd.htm
syntax\syntax_table_mod_coldel.htm
syntax\syntax_table_mod_colmod.htm
syntax\syntax_table_mod_colrename.htm
syntax\syntax_table_mod_default.htm
syntax\syntax_table_mod_rename.htm
syntax\syntax_table_schemachange.htm
syntax\syntax_tran_concurrency.htm
syntax\syntax_tran_intro.htm
syntax\syntax_tran_isolation_getting.htm
syntax\syntax_tran_isolation_handledirty.htm
syntax\syntax_tran_isolation_intro.htm
syntax\syntax_tran_isolation_readcom.htm
syntax\syntax_tran_isolation_readuncom.htm
syntax\syntax_tran_isolation_repeatable.htm
syntax\syntax_tran_isolation_repeatcom.htm
syntax\syntax_tran_isolation_repeatuncom.htm
syntax\syntax_tran_isolation_serializable.htm
syntax\syntax_tran_isolation_setting.htm
syntax\syntax_tran_isolation_unsupported.htm
syntax\syntax_tran_isolation_update.htm
syntax\syntax_tran_lock_deadlocks.htm
syntax\syntax_tran_lock_determine.htm
syntax\syntax_tran_lock_granularity.htm
syntax\syntax_tran_lock_intro.htm
syntax\syntax_tran_lock_timeouts.htm
syntax\syntax_tran_recovery_intro.htm
syntax\syntax_tran_recovery_restart.htm
syntax\syntax_tran_tran_commit.htm
syntax\syntax_tran_tran_intro.htm
syntax\syntax_tran_tran_rollback.htm
syntax\syntax_tran_tran_savepoint.htm
syntax\syntax_trigger_app.htm
syntax\syntax_trigger_create_action.htm
syntax\syntax_trigger_create_combi.htm
syntax\syntax_trigger_create_cond.htm
syntax\syntax_trigger_create_correlation.htm
syntax\syntax_trigger_create_etype.htm
syntax\syntax_trigger_create_event.htm
syntax\syntax_trigger_create_guideline.htm
syntax\syntax_trigger_create_syntax.htm
syntax\syntax_trigger_create_target.htm
syntax\syntax_trigger_create_ttype.htm
syntax\syntax_trigger_debug_def.htm
syntax\syntax_trigger_debug_limit.htm
syntax\syntax_trigger_debug_log.htm
syntax\syntax_trigger_deferred_authority.htm
syntax\syntax_trigger_deferred_cancel.htm
syntax\syntax_trigger_deferred_def.htm
syntax\syntax_trigger_deferred_exe.htm
syntax\syntax_trigger_drop.htm
syntax\syntax_trigger_mod_alter.htm
syntax\syntax_trigger_mod_ren.htm
syntax\syntax_view_create_cond.htm
syntax\syntax_view_create_syntax.htm
syntax\syntax_view_delete.htm
syntax\syntax_view_mod_add.htm
syntax\syntax_view_mod_alter.htm
syntax\syntax_view_mod_delete.htm
syntax\syntax_view_mod_rename.htm
RoboHHRE.lng
index.glo
nhelp.css
manager\images\manager_database_backup_info.jpg
manager\images\manager_database_oid.jpg
manager\images\manager_database_lock_detail.jpg
manager\images\manager_database_optimize.jpg
manager\images\manager_database_add_confirm.jpg
manager\images\manager_database_view_rename.jpg
manager\images\manager_service_menustart.jpg
manager\images\icon_search.png
manager\images\icon_save.png
manager\images\manager_queryeditor_toolbar_seldbconfirm.jpg
manager\images\icon_start.png
manager\images\manager_architecture_client_eclipse_toolbar.jpg
manager\images\manager_architecture_client_eclipse_menu.jpg
gs\images\icon_search.png
gs\images\icon_redo.png
gs\images\icon_rollbackinactive.png
gs\images\icon_transaction.png
gs\images\manager_execute_server_service.jpg
api\images\api_oledb_programming_dialog_all.png
manager\images\manager_database_delete.jpg
manager\images\manager_broker_sqllog_context.jpg
manager\images\manager_queryeditor_result_tooltip.jpg
manager\images\manager_queryeditor_result_edit.jpg
manager\images\icon_tree.png
manager\images\manager_database_dbspace_datavol.png
manager\images\icon_searchnext.png
manager\images\icon_commitinactive.png
manager\images\icon_runinactive.png
manager\images\manager_queryeditor_architecture.jpg
manager\images\manager_architecture_server.png
manager\images\icon_optimizedb.png
manager\images\icon_addtable.png
manager\images\manager_queryeditor_editor_multi.jpg
manager\images\manager_host_add.jpg
syntax\images\syntax_table_schemachange_rule8.png
gs\images\gs_manager_query_edit.png
gs\images\icon_adddb.png
manager\images\manager_monitor.png
manager\images\manager_log_arch.png
manager\images\manager_database_rename.jpg
manager\images\manager_broker_sqllog_view.png
manager\images\icon_next.png
manager\images\manager_service_menu.jpg
manager\images\icon_unindent.png
manager\images\icon_delcomment.png
manager\images\icon_run.png
manager\images\manager_execute_client_tray.jpg
manager\images\manager_execute_client.jpg
manager\images\icon_version.png
manager\images\icon_checkdb.png
gs\images\icon_version.png
gs\images\icon_checkdb.png
gs\images\manager_architecture_client_rcp_toolbar.png
gs\images\gs_manager_start_startdb.png
api\images\api_oledb_programming_dialog_provider.png
manager\images\manager_log_access.jpg
manager\images\manager_database_backup_history.jpg
manager\images\manager_database_check.jpg
manager\images\icon_brokerstop.png
manager\images\manager_database_set_basic.jpg
manager\images\manager_queryeditor_queryplan_history.jpg
manager\images\manager_database_table_addbasic.png
manager\images\icon_hostconnected.png
manager\images\icon_unloaddb.png
syntax\images\syntax_variance.gif
gs\images\manager_host_connect_host.jpg
gs\images\manager_host_default_info.jpg
gs\images\gs_app_odbc_setting_datasource.gif
manager\images\manager_database_transaction_info.jpg
manager\images\manager_broker_function_context.jpg
manager\images\icon_text.png
manager\images\manager_database_load_result.jpg
manager\images\manager_database_load_load.jpg
manager\images\manager_database_table_ooinherit.png
manager\images\manager_database_table_sqltab.jpg
manager\images\manager_database_table_addforeign.jpg
manager\images\manager_queryeditor_option_host.jpg
manager\images\manager_user_auth.jpg
manager\images\icon_rollbackinactive.png
manager\images\manager_queryeditor_toolbar_seldb.jpg
manager\images\manager_host_connect_dis.jpg
manager\images\icon_transaction.png
manager\images\icon_restoredb.png
manager\images\manager_execute_server_service.jpg
admin\images\image020.jpg
gs\images\image026.jpg
gs\images\manager_queryeditor_result_1.jpg
gs\images\icon_open.png
gs\images\icon_restoredb.png
gs\images\icon_backupdb.png
gs\images\icon_start.png
gs\images\gs_manager_start_logindb.png
gs\images\icon_host.png
gs\images\gs_app_odbc_setting_add.gif
gs\images\gs_app_odbc_setting_odbc.gif
manager\images\manager_database_space.jpg
manager\images\manager_database_table_ooadd.png
manager\images\manager_database_table_indextab.png
manager\images\icon_previous.png
manager\images\manager_database_jobauto_backup.jpg
manager\images\icon_autocommitoff.png
manager\images\manager_architecture_client_eclipse_perspective.jpg
gs\images\icon_hostconnected.png
manager\images\manager_database_restore.jpg
manager\images\manager_database_copy.jpg
manager\images\manager_broker_sqllog_property.jpg
manager\images\manager_database_add_autoadd.jpg
manager\images\manager_queryeditor_result_detail.jpg
manager\images\manager_queryeditor_queryplan_schema.jpg
manager\images\manager_database_view_info.jpg
manager\images\manager_database_table_import.jpg
manager\images\icon_first.png
manager\images\manager_database_procedure_addfunc.jpg
manager\images\manager_database_architecture_menu.jpg
manager\images\icon_autocommiton.jpg
manager\images\manager_architecture_client_rcp_toolbar.png
manager\images\manager_architecture_client_rcp_file.png
manager\images\manager_queryeditor_editor_drag.jpg
manager\images\manager_host_add_del.jpg
admin\images\recovery_environment.png
intro\images\broker_structure.jpg
gs\images\icon_stop.png
gs\images\icon_optimizedb.png
gs\images\manager_execute_server_tray.jpg
gs\images\img2.gif
api\images\api_oledb_programming_dialog_connect.png
manager\images\manager_broker_menu_context.jpg
manager\images\manager_broker_sqllog_restart.jpg
manager\images\manager_queryeditor_result_context.jpg
manager\images\icon_hide.png
manager\images\icon_new.png
manager\images\manager_queryeditor_queryplan_plan.jpg
manager\images\manager_database_table_ooaddcol.jpg
manager\images\manager_database_dbspace_auto.png
manager\images\icon_addcomment.png
manager\images\icon_redo.png
manager\images\icon_queryedit.png
manager\images\manager_architecture_client_rcp.png
admin\images\image001.jpg
gs\images\image20.jpg
gs\images\gs_app_cci_sample_table.png
gs\images\gs_app_odbc_asp_querytest.png
gs\images\icon_searchnext.png
gs\images\icon_undo.png
gs\images\icon_autocommitoff.png
gs\images\icon_addtable.png
manager\images\manager_broker_menu_variable.jpg
manager\images\icon_brokerrun.png
manager\images\icon_1brokerstop.png
manager\images\manager_broker_sqllog_analyze.png
manager\images\manager_broker_sqllog_file.jpg
manager\images\manager_database_table_info.jpg
manager\images\icon_rollback.png
manager\images\icon_adduser.png
manager\images\manager_architecture_client_rcp_tooltip.png
manager\images\manager_architecture_client_eclipse.png
manager\images\manager_queryeditor_editor_context.png
admin\images\image002.jpg
admin\images\incrementalbackup.png
gs\images\gs_app_odbc_asp_website.png
gs\images\icon_unindent.png
gs\images\icon_delcomment.png
gs\images\icon_autocommiton.jpg
gs\images\manager_queryeditor_toolbar.jpg
gs\images\gs_manager_start_memory.png
gs\images\icon_queryedit.png
gs\images\icon_adduser.png
manager\images\manager_database_restore_info.jpg
manager\images\manager_broker_menu_error.jpg
manager\images\manager_broker_menu_configure.jpg
manager\images\manager_queryeditor_queryplan_context.jpg
manager\images\manager_database_user_basic.jpg
manager\images\icon_last.png
manager\images\manager_database_dbspace_demodb.png
manager\images\icon_saveas.png
manager\images\manager_architecture_client_rcp_help.png
manager\images\manager_queryeditor_editor_stop.jpg
admin\images\image003.jpg
gs\images\icon_run.png
gs\images\icon_save.png
gs\images\gs_must_env_var_1.jpg
gs\images\image001.png
admin\images\admin_ha_setting_arch.png
api\images\api_oledb_programming_dialog_test.png
manager\images\manager_database_transaction_delete.jpg
manager\images\manager_database_unload_result.jpg
manager\images\manager_database_lock_user.jpg
manager\images\manager_broker_menu_status.jpg
manager\images\manager_queryeditor_queryplan_text.jpg
manager\images\manager_database_user_auth.jpg
manager\images\manager_database_procedure_node.jpg
manager\images\manager_database_jobauto_backuplog.jpg
admin\images\image004.jpg
gs\images\icon_saveas.png
gs\images\icon_unloaddb.png
manager\images\manager_monitor.jpg
manager\images\manager_database_unload_unload.jpg
manager\images\icon_1brokerrun.png
manager\images\icon_host.png
manager\images\manager_queryeditor_editor_schema.jpg
admin\images\image005.jpg
gs\images\img7.gif
gs\images\gs_app_cci_sample_broker.png
gs\images\manager_execute_client_tray.jpg
gs\images\gs_app_php_install.png
gs\images\image003.png
manager\images\manager_database_set_check.jpg
manager\images\manager_queryeditor_queryplan_output2.jpg
manager\images\manager_queryeditor_queryplan_file.gif
manager\images\icon_show.png
manager\images\manager_database_view_node.jpg
manager\images\manager_database_procedure_addproc.jpg
manager\images\manager_database_dbspace_node.jpg
manager\images\icon_commit.png
manager\images\icon_open.png
admin\images\image006.jpg
gs\images\icon_addcomment.png
gs\images\icon_commitinactive.png
gs\images\manager_architecture_client_rcp.png
gs\images\gs_manager_start_dbtree.png
admin\images\admin_ha_glossary_duplex.png
manager\images\manager_log_manage.jpg
manager\images\manager_database_add_addition.jpg
manager\images\manager_queryeditor_result_1.jpg
manager\images\manager_database_user_node.jpg
manager\images\manager_database_table_rename.jpg
manager\images\manager_database_table_addcol.jpg
manager\images\manager_database_table_context.jpg
manager\images\manager_database_jobauto_node.jpg
manager\images\manager_database_architecture_context.jpg
manager\images\manager_database_trigger_add.png
manager\images\manager_user_edit_add.jpg
manager\images\icon_queryplan.png
manager\images\manager_properties.png
manager\images\manager_host_connect_host.jpg
manager\images\icon_refresh.png
manager\images\manager_queryeditor_editor_auto.jpg
manager\images\manager_host_default_info.jpg
syntax\images\glo_instance.png
admin\images\image007.jpg
intro\images\service_structure.jpg
gs\images\icon_commit.png
gs\images\icon_runinactive.png
gs\images\icon_refresh.png
gs\images\gs_install_windows_client.png
admin\images\admin_ha_glossary_mode.png
manager\images\manager_database_add_default.jpg
manager\images\icon_properties.png
manager\images\manager_queryeditor_result_2.jpg
manager\images\manager_database_view_context.jpg
manager\images\manager_database_table_insert.jpg
manager\images\manager_database_table_addindex.jpg
manager\images\manager_database_serial_add.jpg
manager\images\manager_user_edit_addauth.png
manager\images\icon_format.png
manager\images\icon_indent.png
manager\images\icon_stop.png
manager\images\manager_architecture_client_rcp_tool.png
manager\images\manager_architecture_client_rcp_edit.png
manager\images\manager_execute_server_tray.jpg
syntax\images\syntax_table_conflict_sub_structure.png
syntax\images\syntax_table_schemachange_rule4.png
admin\images\image019.jpg
admin\images\image008.jpg
gs\images\icon_queryplan.png
gs\images\icon_rollback.png
manager\images\manager_database_lock_lock.jpg
manager\images\manager_database_add_password.jpg
manager\images\manager_database_set_advance.jpg
manager\images\manager_queryeditor_queryplan_output.jpg
manager\images\icon_nohistory.png
manager\images\manager_database_table_node.jpg
manager\images\manager_queryeditor_option_db.jpg
manager\images\manager_database_jobauto_query.jpg
manager\images\manager_database_dbspace_addvol.png
manager\images\icon_undo.png
manager\images\icon_backupdb.png
manager\images\icon_adddb.png
manager\images\manager_architecture_client_rcp_action.png
gs\images\image029.png
gs\images\gs_app_cci_sample_db.png
gs\images\icon_format.png
gs\images\icon_indent.png
gs\images\manager_queryeditor_architecture.jpg
manager\images\manager_log_error.png
manager\images\manager_broker_function_status.jpg
manager\images\manager_broker_architecture.jpg
manager\images\manager_database_view_add.jpg
manager\images\manager_database_jobauto_querylog.jpg
manager\images\manager_database_architecture_tree.jpg
manager\images\manager_queryeditor_toolbar.jpg
manager\images\manager_execute_setting_hostinfo.png
manager\images\icon_lockdb.png
manager\images\icon_loaddb.png
manager\images\icon_addhost.png
syntax\images\catalog_class.png
intro\images\volume.jpg
gs\images\icon_lockdb.png
gs\images\icon_loaddb.png
gs\images\icon_addhost.png
gs\images\gs_install_windows_all.png
ehlpdhtm.js
whxdata\package_0.xml
whxdata\package_1.xml
whxdata\package_2.xml
whxdata\package_3.xml
whxdata\package_4.xml
whxdata\package_5.xml
whxdata\package_6.xml
whxdata\package_7.xml
whxdata\package_8.xml
whxdata\package_9.xml
whxdata\package_10.xml
whxdata\package_11.xml
whxdata\package_12.xml
whxdata\package_13.xml
whxdata\package_14.xml
whxdata\package_15.xml
whxdata\package_16.xml
whxdata\package_17.xml
whxdata\package_18.xml
whxdata\package_19.xml
whxdata\package_20.xml
whxdata\package_21.xml
whxdata\package_22.xml
whxdata\package_23.xml
whxdata\package_24.xml
whxdata\package_25.xml
whxdata\package_26.xml
whxdata\package_27.xml
whxdata\package_28.xml
whxdata\package_29.xml
whxdata\package_30.xml
whxdata\package_31.xml
whxdata\package_32.xml
whxdata\package_33.xml
whxdata\package_34.xml
whxdata\package_35.xml
whxdata\package_36.xml
whxdata\package_37.xml
whxdata\package_38.xml
whxdata\package_39.xml
whxdata\package_40.xml
whxdata\package_41.xml
whxdata\package_42.xml
whxdata\package_43.xml
whxdata\package_44.xml
whxdata\package_45.xml
whxdata\package_46.xml
whxdata\package_47.xml
whxdata\package_48.xml
whxdata\package_49.xml
whxdata\package_50.xml
whxdata\package_51.xml
whxdata\package_52.xml
whxdata\package_53.xml
whxdata\package_54.xml
whxdata\package_55.xml
whxdata\package_56.xml
whxdata\package_57.xml
whxdata\package_58.xml
whxdata\package_59.xml
whxdata\package_60.xml
whxdata\package_61.xml
whxdata\package_62.xml
whxdata\package_63.xml
whxdata\package_64.xml
whxdata\package_65.xml
whxdata\package_66.xml
whxdata\package_67.xml
whxdata\package_68.xml
whxdata\package_69.xml
whxdata\package_70.xml
whxdata\package_71.xml
whxdata\package_72.xml
whxdata\package_73.xml
whxdata\package_74.xml
whxdata\package_75.xml
whxdata\package_76.xml
whxdata\package_77.xml
whxdata\package_78.xml
whxdata\package_79.xml
whxdata\package_80.xml
whxdata\package_81.xml
whxdata\package_82.xml
whxdata\package_83.xml
whxdata\package_84.xml
whxdata\package_85.xml
whxdata\package_86.xml
whxdata\package_87.xml
whxdata\package_88.xml
whxdata\package_89.xml
whxdata\package_90.xml
whxdata\package_91.xml
whxdata\package_92.xml
whxdata\package_93.xml
whxdata\package_94.xml
whxdata\package_95.xml
whxdata\package_96.xml
whxdata\package_97.xml
whxdata\package_98.xml
whxdata\package_99.xml
whxdata\package_100.xml
whxdata\package_101.xml
whxdata\package_102.xml
whxdata\package_103.xml
whxdata\package_104.xml
whxdata\package_105.xml
whxdata\package_106.xml
whxdata\package_107.xml
whxdata\package_108.xml
whxdata\package_109.xml
whxdata\package_110.xml
whxdata\package_111.xml
whxdata\package_112.xml
whxdata\package_113.xml
whxdata\package_114.xml
whxdata\package_115.xml
whxdata\package_116.xml
whxdata\package_117.xml
whxdata\package_118.xml
whxdata\package_119.xml
whxdata\package_120.xml
whxdata\package_121.xml
whxdata\package_122.xml
whxdata\package_123.xml
whxdata\package_124.xml
whxdata\package_125.xml
whxdata\package_126.xml
whxdata\package_127.xml
whxdata\package_128.xml
whxdata\package_129.xml
whxdata\package_130.xml
whxdata\package_131.xml
whxdata\package_132.xml
whxdata\package_133.xml
whxdata\package_134.xml
whxdata\package_135.xml
whxdata\package_136.xml
whxdata\package_137.xml
whxdata\package_138.xml
whxdata\package_139.xml
whxdata\package_140.xml
whxdata\package_141.xml
whxdata\package_142.xml
whxdata\package_143.xml
whxdata\package_144.xml
whxdata\package_145.xml
whxdata\package_146.xml
whxdata\package_147.xml
whxdata\package_148.xml
whxdata\package_149.xml
whxdata\package_150.xml
whxdata\package_151.xml
whxdata\package_152.xml
whxdata\package_153.xml
whxdata\package_154.xml
whxdata\package_155.xml
whxdata\package_156.xml
whxdata\package_157.xml
whxdata\package_158.xml
whxdata\package_159.xml
whxdata\package_160.xml
whxdata\package_161.xml
whxdata\package_162.xml
whxdata\package_163.xml
whxdata\package_164.xml
whxdata\package_165.xml
whxdata\package_166.xml
whxdata\package_167.xml
whxdata\package_168.xml
whxdata\package_169.xml
whxdata\package_170.xml
whxdata\package_171.xml
whxdata\package_172.xml
whxdata\package_173.xml
whxdata\package_174.xml
whxdata\package_175.xml
whxdata\package_176.xml
whxdata\package_177.xml
whxdata\package_178.xml
whxdata\package_179.xml
whxdata\package_180.xml
whxdata\package_181.xml
whxdata\package_182.xml
whxdata\package_183.xml
whxdata\package_184.xml
whxdata\package_185.xml
whxdata\package_186.xml
whxdata\package_187.xml
whxdata\package_188.xml
whxdata\package_189.xml
whxdata\package_190.xml
whxdata\package_191.xml
whxdata\package_192.xml
whxdata\package_193.xml
whxdata\package_194.xml
whxdata\package_195.xml
whxdata\package_196.xml
whxdata\package_197.xml
whxdata\package_198.xml
whxdata\package_199.xml
whxdata\package_200.xml
whxdata\package_201.xml
whxdata\package_202.xml
whxdata\package_203.xml
whxdata\package_204.xml
whxdata\package_205.xml
whxdata\package_206.xml
whxdata\package_207.xml
whxdata\package_208.xml
whxdata\package_209.xml
whxdata\package_210.xml
whxdata\package_211.xml
whxdata\package_212.xml
whxdata\package_213.xml
whxdata\package_214.xml
whxdata\package_215.xml
whxdata\package_216.xml
whxdata\package_217.xml
whxdata\package_218.xml
whxdata\package_219.xml
whxdata\package_220.xml
whxdata\package_221.xml
whxdata\package_222.xml
whxdata\package_223.xml
whxdata\package_224.xml
whxdata\package_225.xml
whxdata\package_226.xml
whxdata\package_227.xml
whxdata\package_228.xml
whxdata\package_229.xml
whxdata\package_230.xml
whxdata\package_231.xml
whxdata\package_232.xml
whxdata\package_233.xml
whxdata\package_234.xml
whxdata\package_235.xml
whxdata\package_236.xml
whxdata\package_237.xml
whxdata\package_238.xml
whxdata\package_239.xml
whxdata\package_240.xml
whxdata\package_241.xml
whxdata\package_242.xml
whxdata\package_243.xml
whxdata\package_244.xml
whxdata\package_245.xml
whxdata\package_246.xml
whxdata\package_247.xml
whxdata\package_248.xml
whxdata\package_249.xml
whxdata\package_250.xml
whxdata\package_251.xml
whxdata\package_252.xml
whxdata\package_253.xml
whxdata\package_254.xml
whxdata\package_255.xml
whxdata\package_256.xml
whxdata\package_257.xml
whxdata\package_258.xml
whxdata\package_259.xml
whxdata\package_260.xml
whxdata\package_261.xml
whxdata\package_262.xml
whxdata\package_263.xml
whxdata\package_264.xml
whxdata\package_265.xml
whxdata\package_266.xml
whxdata\package_267.xml
whxdata\package_268.xml
whxdata\package_269.xml
whxdata\package_270.xml
whxdata\package_271.xml
whxdata\package_272.xml
whxdata\package_273.xml
whxdata\package_274.xml
whxdata\package_275.xml
whxdata\package_276.xml
whxdata\package_277.xml
whxdata\package_278.xml
whxdata\package_279.xml
whxdata\package_280.xml
whxdata\package_281.xml
whxdata\package_282.xml
whxdata\package_283.xml
whxdata\package_284.xml
whxdata\package_285.xml
whxdata\package_286.xml
whxdata\package_287.xml
whxdata\package_288.xml
whxdata\package_289.xml
whxdata\package_290.xml
whxdata\package_291.xml
whxdata\package_292.xml
whxdata\package_293.xml
whxdata\package_294.xml
whxdata\package_295.xml
whxdata\package_296.xml
whxdata\package_297.xml
whxdata\package_298.xml
whxdata\package_299.xml
whxdata\package_300.xml
whxdata\package_301.xml
whxdata\package_302.xml
whxdata\package_303.xml
whxdata\package_304.xml
whxdata\package_305.xml
whxdata\package_306.xml
whxdata\package_307.xml
whxdata\package_308.xml
whxdata\package_309.xml
whxdata\package_310.xml
whxdata\package_311.xml
whxdata\package_312.xml
whxdata\package_313.xml
whxdata\package_314.xml
whxdata\package_315.xml
whxdata\package_316.xml
whxdata\package_317.xml
whxdata\package_318.xml
whxdata\package_319.xml
whxdata\package_320.xml
whxdata\package_321.xml
whxdata\package_322.xml
whxdata\package_323.xml
whxdata\package_324.xml
whxdata\package_325.xml
whxdata\package_326.xml
whxdata\package_327.xml
whxdata\package_328.xml
whxdata\package_329.xml
whxdata\package_330.xml
whxdata\package_331.xml
whxdata\package_332.xml
whxdata\package_333.xml
whxdata\package_334.xml
whxdata\package_335.xml
whxdata\package_336.xml
whxdata\package_337.xml
whxdata\package_338.xml
whxdata\package_339.xml
whxdata\package_340.xml
whxdata\package_341.xml
whxdata\package_342.xml
whxdata\package_343.xml
whxdata\package_344.xml
whxdata\package_345.xml
whxdata\package_346.xml
whxdata\package_347.xml
whxdata\package_348.xml
whxdata\package_349.xml
whxdata\package_350.xml
whxdata\package_351.xml
whxdata\package_352.xml
whxdata\package_353.xml
whxdata\package_354.xml
whxdata\package_355.xml
whxdata\package_356.xml
whxdata\package_357.xml
whxdata\package_358.xml
whxdata\package_359.xml
whxdata\package_360.xml
whxdata\package_361.xml
whxdata\package_362.xml
whxdata\package_363.xml
whxdata\package_364.xml
whxdata\package_365.xml
whxdata\package_366.xml
whxdata\package_367.xml
whxdata\package_368.xml
whxdata\package_369.xml
whxdata\package_370.xml
whxdata\package_371.xml
whxdata\package_372.xml
whxdata\package_373.xml
whxdata\package_374.xml
whxdata\package_375.xml
whxdata\package_376.xml
whxdata\package_377.xml
whxdata\package_378.xml
whxdata\package_379.xml
whxdata\package_380.xml
whxdata\package_381.xml
whxdata\package_382.xml
whxdata\package_383.xml
whxdata\package_384.xml
whxdata\package_385.xml
whxdata\package_386.xml
whxdata\package_387.xml
whxdata\package_388.xml
whxdata\package_389.xml
whxdata\package_390.xml
whxdata\package_391.xml
whxdata\package_392.xml
whxdata\package_393.xml
whxdata\package_394.xml
whxdata\package_395.xml
whxdata\package_396.xml
whxdata\package_397.xml
whxdata\package_398.xml
whxdata\package_399.xml
whxdata\package_400.xml
whxdata\package_401.xml
whxdata\package_402.xml
whxdata\package_403.xml
whxdata\package_404.xml
whxdata\package_405.xml
whxdata\package_406.xml
whxdata\package_407.xml
whxdata\package_408.xml
whxdata\package_409.xml
whxdata\package_410.xml
whxdata\package_411.xml
whxdata\package_412.xml
whxdata\package_413.xml
whxdata\package_414.xml
whxdata\package_415.xml
whxdata\package_416.xml
whxdata\package_417.xml
whxdata\package_418.xml
whxdata\package_419.xml
whxdata\package_420.xml
whxdata\package_421.xml
whxdata\package_422.xml
whxdata\package_423.xml
whxdata\package_424.xml
whxdata\package_425.xml
whxdata\package_426.xml
whxdata\package_427.xml
whxdata\package_428.xml
whxdata\packageindex.xml
whxdata\synonym.xml
whxdata\topictable_0.xml
whxdata\topictable_1.xml
whxdata\topictable_2.xml
whxdata\topictable_3.xml
whxdata\topictable_4.xml
whxdata\topictable_5.xml
whxdata\topictable_6.xml
whxdata\topictable_7.xml
whxdata\topictable_8.xml
whxdata\topictable_9.xml
whxdata\topictable_10.xml
whxdata\topictable_11.xml
whxdata\topictable_12.xml
whxdata\topictable_13.xml
whxdata\topictable_14.xml
whxdata\topictable_15.xml
whxdata\topictable_16.xml
whxdata\topictableindex.xml
whxdata\whfts.xml
whxdata\whtdata0.xml
whxdata\whtdata1.xml
whxdata\whtdata2.xml
whxdata\whtdata3.xml
whxdata\whtdata4.xml
whxdata\whtdata5.xml
whxdata\whtdata6.xml
whxdata\whtdata7.xml
whxdata\whtdata8.xml
whxdata\whtdata9.xml
whxdata\whtdata10.xml
whxdata\whtdata11.xml
whxdata\whtdata12.xml
whxdata\whtdata13.xml
whxdata\whtdata14.xml
whxdata\whtdata15.xml
whdata\whtdata0.htm
whdata\whtdata1.htm
whdata\whtdata2.htm
whdata\whtdata3.htm
whdata\whtdata4.htm
whdata\whtdata5.htm
whdata\whtdata6.htm
whdata\whtdata7.htm
whdata\whtdata8.htm
whdata\whtdata9.htm
whdata\whtdata10.htm
whdata\whtdata11.htm
whdata\whtdata12.htm
whdata\whtdata13.htm
whdata\whtdata14.htm
whdata\whtdata15.htm
whgdata\whlstt0.htm
whgdata\whlstt1.htm
whgdata\whlstt2.htm
whgdata\whlstt3.htm
whgdata\whlstt4.htm
whgdata\whlstt5.htm
whgdata\whlstt6.htm
whgdata\whlstt7.htm
whgdata\whlstt8.htm
whgdata\whlstt9.htm
whgdata\whlstt10.htm
whgdata\whlstt11.htm
whgdata\whlstt12.htm
whgdata\whlstt13.htm
whgdata\whlstt14.htm
whgdata\whlstt15.htm
whgdata\whlstt16.htm
whgdata\whlstt17.htm
whgdata\whlstt18.htm
whgdata\whlstt19.htm
whgdata\whlstt20.htm
whgdata\whlstt21.htm
whgdata\whlstt22.htm
whgdata\whlstt23.htm
whgdata\whlstt24.htm
whgdata\whlstt25.htm
whgdata\whlstt26.htm
whgdata\whlstt27.htm
whgdata\whlstt28.htm
whgdata\whlstt29.htm
whgdata\whlstt30.htm
whgdata\whlstt31.htm
whgdata\whlstt32.htm
whgdata\whlstt33.htm
whgdata\whlstt34.htm
whgdata\whlstt35.htm
whgdata\whlstt36.htm
whgdata\whlstt37.htm
whgdata\whlstt38.htm
whgdata\whlstt39.htm
whgdata\whlstt40.htm
whgdata\whlstt41.htm
whgdata\whlstt42.htm
whgdata\whlstt43.htm
whgdata\whlstt44.htm
whgdata\whlstt45.htm
whgdata\whlstt46.htm
whgdata\whlstt47.htm
whgdata\whlstt48.htm
whgdata\whlstt49.htm
whgdata\whlstt50.htm
whgdata\whlstt51.htm
whgdata\whlstt52.htm
whgdata\whlstt53.htm
whgdata\whlstt54.htm
whgdata\whlstt55.htm
whgdata\whlstt56.htm
whgdata\whlstt57.htm
whgdata\whlstt58.htm
whgdata\whlstt59.htm
whgdata\whlstt60.htm
whgdata\whlstt61.htm
whgdata\whlstt62.htm
whgdata\whlstt63.htm
whgdata\whlstt64.htm
whgdata\whlstt65.htm
whgdata\whlstt66.htm
whgdata\whlstt67.htm
whgdata\whlstt68.htm
whgdata\whlstt69.htm
whgdata\whlstt70.htm
whgdata\whlstt71.htm
whgdata\whlstt72.htm
whgdata\whlstt73.htm
whgdata\whlstt74.htm
whgdata\whlstt75.htm
whgdata\whlstt76.htm
whgdata\whlstt77.htm
whgdata\whlstt78.htm
whgdata\whlstt79.htm
whgdata\whlstt80.htm
whgdata\whlstt81.htm
whgdata\whlstt82.htm
whgdata\whlstt83.htm
whgdata\whlstt84.htm
whgdata\whlstt85.htm
whgdata\whlstt86.htm
whgdata\whlstt87.htm
whgdata\whlstt88.htm
whgdata\whlstt89.htm
whgdata\whlstt90.htm
whgdata\whlstt91.htm
whgdata\whlstt92.htm
whgdata\whlstt93.htm
whgdata\whlstt94.htm
whgdata\whlstt95.htm
whgdata\whlstt96.htm
whgdata\whlstt97.htm
whgdata\whlstt98.htm
whgdata\whlstt99.htm
whgdata\whlstt100.htm
whgdata\whlstt101.htm
whgdata\whlstt102.htm
whgdata\whlstt103.htm
whgdata\whlstt104.htm
whgdata\whlstt105.htm
whgdata\whlstt106.htm
whgdata\whlstt107.htm
whgdata\whlstt108.htm
whgdata\whlstt109.htm
whgdata\whlstt110.htm
whgdata\whlstt111.htm
whgdata\whlstt112.htm
whgdata\whlstt113.htm
whgdata\whlstt114.htm
whgdata\whlstt115.htm
whgdata\whlstt116.htm
whgdata\whlstt117.htm
whgdata\whlstt118.htm
whgdata\whlstt119.htm
whgdata\whlsti0.htm
whgdata\whlstfl0.htm
whgdata\whlstfl1.htm
whgdata\whlstfl2.htm
whgdata\whlstfl3.htm
whgdata\whlstfl4.htm
whgdata\whlstfl5.htm
whgdata\whlstfl6.htm
whgdata\whlstfl7.htm
whgdata\whlstfl8.htm
whgdata\whlstfl9.htm
whgdata\whlstfl10.htm
whgdata\whlstfl11.htm
whgdata\whlstfl12.htm
whgdata\whlstfl13.htm
whgdata\whlstfl14.htm
whgdata\whlstfl15.htm
whgdata\whlstfl16.htm
whgdata\whlstfl17.htm
whgdata\whlstfl18.htm
whgdata\whlstfl19.htm
whgdata\whlstfl20.htm
whgdata\whlstfl21.htm
whgdata\whlstfl22.htm
whgdata\whlstfl23.htm
whgdata\whlstfl24.htm
whgdata\whlstfl25.htm
whgdata\whlstf0.htm
whgdata\whlstf1.htm
whgdata\whlstf2.htm
whgdata\whlstf3.htm
whgdata\whlstf4.htm
whgdata\whlstf5.htm
whgdata\whlstf6.htm
whgdata\whlstf7.htm
whgdata\whlstf8.htm
whgdata\whlstf9.htm
whgdata\whlstf10.htm
whgdata\whlstf11.htm
whgdata\whlstf12.htm
whgdata\whlstf13.htm
whgdata\whlstf14.htm
whgdata\whlstf15.htm
whgdata\whlstf16.htm
whgdata\whlstf17.htm
whgdata\whlstf18.htm
whgdata\whlstf19.htm
whgdata\whlstf20.htm
whgdata\whlstf21.htm
whgdata\whlstf22.htm
whgdata\whlstf23.htm
whgdata\whlstf24.htm
whgdata\whlstf25.htm
whgdata\whlstf26.htm
whgdata\whlstf27.htm
whgdata\whlstf28.htm
whgdata\whlstf29.htm
whgdata\whlstf30.htm
whgdata\whlstf31.htm
whgdata\whlstf32.htm
whgdata\whlstf33.htm
whgdata\whlstf34.htm
whgdata\whlstf35.htm
whgdata\whlstf36.htm
whgdata\whlstf37.htm
whgdata\whlstf38.htm
whgdata\whlstf39.htm
whgdata\whlstf40.htm
whgdata\whlstf41.htm
whgdata\whlstf42.htm
whgdata\whlstf43.htm
whgdata\whlstf44.htm
whgdata\whlstf45.htm
whgdata\whlstf46.htm
whgdata\whlstf47.htm
whgdata\whlstf48.htm
whgdata\whlstf49.htm
whgdata\whlstf50.htm
whgdata\whlstf51.htm
whgdata\whlstf52.htm
whgdata\whlstf53.htm
whgdata\whlstf54.htm
whgdata\whlstf55.htm
whgdata\whlstf56.htm
whgdata\whlstf57.htm
whgdata\whlstf58.htm
whgdata\whlstf59.htm
whgdata\whlstf60.htm
whgdata\whlstf61.htm
whgdata\whlstf62.htm
whgdata\whlstf63.htm
whgdata\whlstf64.htm
whgdata\whlstf65.htm
whgdata\whlstf66.htm
whgdata\whlstf67.htm
whgdata\whlstf68.htm
whgdata\whlstf69.htm
whgdata\whlstf70.htm
whgdata\whlstf71.htm
whgdata\whlstf72.htm
whgdata\whlstf73.htm
whgdata\whlstf74.htm
whgdata\whlstf75.htm
whgdata\whlstf76.htm
whgdata\whlstf77.htm
whgdata\whlstf78.htm
whgdata\whlstf79.htm
whgdata\whlstf80.htm
whgdata\whlstf81.htm
whgdata\whlstf82.htm
whgdata\whlstf83.htm
whgdata\whlstf84.htm
whgdata\whlstf85.htm
whgdata\whlstf86.htm
whgdata\whlstf87.htm
whgdata\whlstf88.htm
whgdata\whlstf89.htm
whgdata\whlstf90.htm
whgdata\whlstf91.htm
whgdata\whlstf92.htm
whgdata\whlstf93.htm
whgdata\whlstf94.htm
whgdata\whlstf95.htm
whgdata\whlstf96.htm
whgdata\whlstf97.htm
whgdata\whlstf98.htm
whgdata\whlstf99.htm
whgdata\whlstf100.htm
whgdata\whlstf101.htm
whgdata\whlstf102.htm
whgdata\whlstf103.htm
whgdata\whlstf104.htm
whgdata\whlstf105.htm
whgdata\whlstf106.htm
whgdata\whlstf107.htm
whgdata\whlstf108.htm
whgdata\whlstf109.htm
whgdata\whlstf110.htm
whgdata\whlstf111.htm
whgdata\whlstf112.htm
whgdata\whlstf113.htm
whgdata\whlstf114.htm
whgdata\whlstf115.htm
whgdata\whlstf116.htm
whgdata\whlstf117.htm
whgdata\whlstf118.htm
whgdata\whlstf119.htm
whgdata\whlstf120.htm
whgdata\whlstf121.htm
whgdata\whlstf122.htm
whgdata\whlstf123.htm
whgdata\whlstf124.htm
whgdata\whlstf125.htm
whgdata\whlstf126.htm
whgdata\whlstf127.htm
whgdata\whlstf128.htm
whgdata\whlstf129.htm
whgdata\whlstf130.htm
whgdata\whlstf131.htm
whgdata\whlstf132.htm
whgdata\whlstf133.htm
whgdata\whlstf134.htm
whgdata\whlstf135.htm
whgdata\whlstf136.htm
whgdata\whlstf137.htm
whgdata\whlstf138.htm
whgdata\whlstf139.htm
whgdata\whlstf140.htm
whgdata\whlstf141.htm
whgdata\whlstf142.htm
whgdata\whlstf143.htm
whgdata\whlstf144.htm
whgdata\whlstf145.htm
whgdata\whlstf146.htm
whgdata\whlstf147.htm
whgdata\whlstf148.htm
whgdata\whlstf149.htm
whgdata\whlstf150.htm
whgdata\whlstf151.htm
whgdata\whlstf152.htm
whgdata\whlstf153.htm
whgdata\whlstf154.htm
whgdata\whlstf155.htm
whgdata\whlstf156.htm
whgdata\whlstf157.htm
whgdata\whlstf158.htm
whgdata\whlstf159.htm
whgdata\whlstf160.htm
whgdata\whlstf161.htm
whgdata\whlstf162.htm
whgdata\whlstf163.htm
whgdata\whlstf164.htm
whgdata\whlstf165.htm
whgdata\whlstf166.htm
whgdata\whlstf167.htm
whgdata\whlstf168.htm
whgdata\whlstf169.htm
whgdata\whlstf170.htm
whgdata\whlstf171.htm
whgdata\whlstf172.htm
whgdata\whlstf173.htm
whgdata\whlstf174.htm
whgdata\whlstf175.htm
whgdata\whlstf176.htm
whgdata\whlstf177.htm
whgdata\whlstf178.htm
whgdata\whlstf179.htm
whgdata\whlstf180.htm
whgdata\whlstf181.htm
whgdata\whlstf182.htm
whgdata\whlstf183.htm
whgdata\whlstf184.htm
whgdata\whlstf185.htm
whgdata\whlstf186.htm
whgdata\whlstf187.htm
whgdata\whlstf188.htm
whgdata\whlstf189.htm
whgdata\whlstf190.htm
whgdata\whlstf191.htm
whgdata\whlstf192.htm
whgdata\whlstf193.htm
whgdata\whlstf194.htm
whgdata\whlstf195.htm
whgdata\whlstf196.htm
whgdata\whlstf197.htm
whgdata\whlstf198.htm
whgdata\whlstf199.htm
whgdata\whlstf200.htm
whgdata\whlstf201.htm
whgdata\whlstf202.htm
whgdata\whlstf203.htm
whgdata\whlstf204.htm
whgdata\whlstf205.htm
whgdata\whlstf206.htm
whgdata\whlstf207.htm
whgdata\whlstf208.htm
whgdata\whlstf209.htm
whgdata\whlstf210.htm
whgdata\whlstf211.htm
whgdata\whlstf212.htm
whgdata\whlstf213.htm
whgdata\whlstf214.htm
whgdata\whlstf215.htm
whgdata\whlstf216.htm
whgdata\whlstf217.htm
whgdata\whlstf218.htm
whgdata\whlstf219.htm
whgdata\whlstf220.htm
whgdata\whlstf221.htm
whgdata\whlstf222.htm
whgdata\whlstf223.htm
whgdata\whlstf224.htm
whgdata\whlstf225.htm
whgdata\whlstf226.htm
whgdata\whlstf227.htm
whgdata\whlstf228.htm
whgdata\whlstf229.htm
whgdata\whlstf230.htm
whgdata\whlstf231.htm
whgdata\whlstf232.htm
whgdata\whlstf233.htm
whgdata\whlstf234.htm
whgdata\whlstf235.htm
whgdata\whlstf236.htm
whgdata\whlstf237.htm
whgdata\whlstf238.htm
whgdata\whlstf239.htm
whgdata\whlstf240.htm
whgdata\whlstf241.htm
whgdata\whlstf242.htm
whgdata\whlstf243.htm
whgdata\whlstf244.htm
whgdata\whlstf245.htm
whgdata\whlstf246.htm
whgdata\whlstf247.htm
whgdata\whlstf248.htm
whgdata\whlstf249.htm
whgdata\whlstf250.htm
whgdata\whlstf251.htm
whgdata\whlstf252.htm
whgdata\whlstf253.htm
whgdata\whlstf254.htm
whgdata\whlstf255.htm
whgdata\whlstf256.htm
whgdata\whlstf257.htm
whgdata\whlstf258.htm
whgdata\whlstf259.htm
whgdata\whlstf260.htm
whgdata\whlstf261.htm
whgdata\whlstf262.htm
whgdata\whlstf263.htm
whgdata\whlstf264.htm
whgdata\whlstf265.htm
whgdata\whlstf266.htm
whgdata\whlstf267.htm
whgdata\whlstf268.htm
whgdata\whlstf269.htm
whgdata\whlstf270.htm
whgdata\whlstf271.htm
whgdata\whlstf272.htm
whgdata\whlstf273.htm
whgdata\whlstf274.htm
whgdata\whlstf275.htm
whgdata\whlstf276.htm
whgdata\whlstf277.htm
whgdata\whlstf278.htm
whgdata\whlstf279.htm
whgdata\whlstf280.htm
whgdata\whlstf281.htm
whgdata\whlstf282.htm
whgdata\whlstf283.htm
whgdata\whlstf284.htm
whgdata\whlstf285.htm
whgdata\whlstf286.htm
whgdata\whlstf287.htm
whgdata\whlstf288.htm
whgdata\whlstf289.htm
whgdata\whlstf290.htm
whgdata\whlstf291.htm
whgdata\whlstf292.htm
whgdata\whlstf293.htm
whgdata\whlstf294.htm
whgdata\whlstf295.htm
whgdata\whlstf296.htm
whgdata\whlstf297.htm
whgdata\whlstf298.htm
whgdata\whlstf299.htm
whgdata\whlstf300.htm
whgdata\whlstf301.htm
whgdata\whlstf302.htm
whgdata\whlstf303.htm
whgdata\whlstf304.htm
whgdata\whlstf305.htm
whgdata\whlstf306.htm
whgdata\whlstf307.htm
whgdata\whlstf308.htm
whgdata\whlstf309.htm
whgdata\whlstf310.htm
whgdata\whlstf311.htm
whgdata\whlstf312.htm
whgdata\whlstf313.htm
whgdata\whlstf314.htm
whgdata\whlstf315.htm
whgdata\whlstf316.htm
whgdata\whlstf317.htm
whgdata\whlstf318.htm
whgdata\whlstf319.htm
whgdata\whlstf320.htm
whgdata\whlstf321.htm
whgdata\whlstf322.htm
whgdata\whlstf323.htm
whgdata\whlstf324.htm
whgdata\whlstf325.htm
whgdata\whlstf326.htm
whgdata\whlstf327.htm
whgdata\whlstf328.htm
whgdata\whlstf329.htm
whgdata\whlstf330.htm
whgdata\whlstf331.htm
whgdata\whlstf332.htm
whgdata\whlstf333.htm
whgdata\whlstf334.htm
whgdata\whlstf335.htm
whgdata\whlstf336.htm
whgdata\whlstf337.htm
whgdata\whlstf338.htm
whgdata\whlstf339.htm
whgdata\whlstf340.htm
whgdata\whlstf341.htm
whgdata\whlstf342.htm
whgdata\whlstf343.htm
whgdata\whlstf344.htm
whgdata\whlstf345.htm
whgdata\whlstf346.htm
whgdata\whlstf347.htm
whgdata\whlstf348.htm
whgdata\whlstf349.htm
whgdata\whlstf350.htm
whgdata\whlstf351.htm
whgdata\whlstf352.htm
whgdata\whlstf353.htm
whgdata\whlstf354.htm
whgdata\whlstf355.htm
whgdata\whlstg0.htm
index.htm
index_csh.htm
index_rhc.htm
