
Time: 11/01/22 16:54:23.992 - DEBUG *** file /home/cubrid/work/cubrid/src/transaction/boot_cl.c, line 1689
trying to connect 'demodb@localhost'

Time: 11/01/22 16:54:23.992 - DEBUG *** file /home/cubrid/work/cubrid/src/transaction/boot_cl.c, line 1711
ping server with handshake

Time: 11/01/22 16:54:23.992 - NOTIFICATION *** file /home/cubrid/work/cubrid/src/transaction/boot_cl.c, line 1130  CODE = -971, Tran = -1, EID = 1
Program 'csql' (pid 117439) connected to database server 'demodb' on the host 'localhost' (port 1523).

Time: 11/01/22 16:54:23.993 - DEBUG *** file /home/cubrid/work/cubrid/src/transaction/boot_cl.c, line 1180
boot_restart_client: register client { type 2 db demodb user dba password (null) program csql login cubrid host bwkim192 pid 117439 }

Time: 11/01/22 16:54:59.531 - DEBUG *** file /home/cubrid/work/cubrid/src/communication/network_interface_cl.c, line 6797
qmgr_execute_query requested: EXECUTION_WITH_AUTOCOMMIT

Time: 11/01/22 16:55:05.572 - DEBUG *** file /home/cubrid/work/cubrid/src/communication/network_interface_cl.c, line 6797
qmgr_execute_query requested: EXECUTION_WITH_AUTOCOMMIT

Time: 11/01/22 16:55:10.572 - DEBUG *** file /home/cubrid/work/cubrid/src/connection/tcp.c, line 1480
The css_peer_alive() is calling.
Time: 11/01/22 16:55:15.577 - DEBUG *** file /home/cubrid/work/cubrid/src/connection/tcp.c, line 1480
The css_peer_alive() is calling.
Time: 11/01/22 16:57:54.985 - SYNTAX ERROR *** file /home/cubrid/work/cubrid/src/compat/db_vdb.c, line 970 ERROR CODE = -492, Tran = 1, EID = 2
In line 1, column 45 before ' count(*) from t1; '
Syntax error: unexpected 'select'

Time: 11/01/22 16:58:02.953 - SYNTAX ERROR *** file /home/cubrid/work/cubrid/src/parser/query_result.c, line 377 ERROR CODE = -494, Tran = 1, EID = 3
Semantic: before '  = (select count(*) from t1); '
Attribute "x" was not found. select dual.dummy from dual dual where x=

Time: 11/01/22 16:58:02.953 - SYNTAX ERROR *** file /home/cubrid/work/cubrid/src/compat/db_vdb.c, line 970 ERROR CODE = -492, Tran = 1, EID = 4
before '  = (select count(*) from t1); '
Attribute "x" was not found.

Time: 11/01/22 16:58:08.584 - SYNTAX ERROR *** file /home/cubrid/work/cubrid/src/parser/query_result.c, line 377 ERROR CODE = -494, Tran = 1, EID = 5
Semantic: before '  = (select count(*) from t1); '
Attribute "X" was not found. select dual.dummy from dual dual where X=

Time: 11/01/22 16:58:08.584 - SYNTAX ERROR *** file /home/cubrid/work/cubrid/src/compat/db_vdb.c, line 970 ERROR CODE = -492, Tran = 1, EID = 6
before '  = (select count(*) from t1); '
Attribute "X" was not found.

Time: 11/01/22 16:58:17.300 - DEBUG *** file /home/cubrid/work/cubrid/src/communication/network_interface_cl.c, line 6797
qmgr_execute_query requested: EXECUTION_WITH_AUTOCOMMIT

Time: 11/01/22 16:58:17.301 - ERROR *** file Unknown from server, line -1 ERROR CODE = -181, Tran = 1, EID = 7
Cannot coerce value of domain "character varying" to domain "double".

Time: 11/01/22 16:58:32.271 - DEBUG *** file /home/cubrid/work/cubrid/src/communication/network_interface_cl.c, line 6801
qmgr_execute_query requested: EXECUTION_WITHOUT_AUTOCOMMIT

Time: 11/01/22 16:58:37.679 - DEBUG *** file /home/cubrid/work/cubrid/src/communication/network_interface_cl.c, line 6797
qmgr_execute_query requested: EXECUTION_WITH_AUTOCOMMIT

Time: 11/01/22 16:58:42.682 - DEBUG *** file /home/cubrid/work/cubrid/src/connection/tcp.c, line 1480
The css_peer_alive() is calling.
Time: 11/01/22 17:06:52.471 - DEBUG *** file /home/cubrid/work/cubrid/src/communication/network_interface_cl.c, line 6801
qmgr_execute_query requested: EXECUTION_WITHOUT_AUTOCOMMIT

Time: 11/01/22 17:06:57.475 - DEBUG *** file /home/cubrid/work/cubrid/src/connection/tcp.c, line 1480
The css_peer_alive() is calling.
Time: 11/01/22 17:07:02.480 - DEBUG *** file /home/cubrid/work/cubrid/src/connection/tcp.c, line 1480
The css_peer_alive() is calling.
Time: 11/01/22 17:07:07.485 - DEBUG *** file /home/cubrid/work/cubrid/src/connection/tcp.c, line 1480
The css_peer_alive() is calling.
Time: 11/01/22 17:07:12.488 - DEBUG *** file /home/cubrid/work/cubrid/src/connection/tcp.c, line 1480
The css_peer_alive() is calling.
Time: 11/01/22 17:07:17.493 - DEBUG *** file /home/cubrid/work/cubrid/src/connection/tcp.c, line 1480
The css_peer_alive() is calling.
Time: 11/01/22 17:07:22.495 - DEBUG *** file /home/cubrid/work/cubrid/src/connection/tcp.c, line 1480
The css_peer_alive() is calling.
Time: 11/01/22 17:07:27.499 - DEBUG *** file /home/cubrid/work/cubrid/src/connection/tcp.c, line 1480
The css_peer_alive() is calling.
Time: 11/01/22 17:07:32.504 - DEBUG *** file /home/cubrid/work/cubrid/src/connection/tcp.c, line 1480
The css_peer_alive() is calling.
Time: 11/01/22 17:07:37.509 - DEBUG *** file /home/cubrid/work/cubrid/src/connection/tcp.c, line 1480
The css_peer_alive() is calling.
Time: 11/01/22 17:07:42.510 - DEBUG *** file /home/cubrid/work/cubrid/src/connection/tcp.c, line 1480
The css_peer_alive() is calling.
Time: 11/01/22 17:07:47.513 - DEBUG *** file /home/cubrid/work/cubrid/src/connection/tcp.c, line 1480
The css_peer_alive() is calling.
Time: 11/01/22 17:07:52.518 - DEBUG *** file /home/cubrid/work/cubrid/src/connection/tcp.c, line 1480
The css_peer_alive() is calling.
Time: 11/01/22 17:07:57.522 - DEBUG *** file /home/cubrid/work/cubrid/src/connection/tcp.c, line 1480
The css_peer_alive() is calling.
Time: 11/01/22 17:08:02.523 - DEBUG *** file /home/cubrid/work/cubrid/src/connection/tcp.c, line 1480
The css_peer_alive() is calling.
Time: 11/01/22 17:08:07.524 - DEBUG *** file /home/cubrid/work/cubrid/src/connection/tcp.c, line 1480
The css_peer_alive() is calling.
Time: 11/01/22 17:08:12.530 - DEBUG *** file /home/cubrid/work/cubrid/src/connection/tcp.c, line 1480
The css_peer_alive() is calling.
Time: 11/01/22 17:08:17.531 - DEBUG *** file /home/cubrid/work/cubrid/src/connection/tcp.c, line 1480
The css_peer_alive() is calling.
Time: 11/01/22 17:08:22.536 - DEBUG *** file /home/cubrid/work/cubrid/src/connection/tcp.c, line 1480
The css_peer_alive() is calling.
Time: 11/01/22 17:08:27.537 - DEBUG *** file /home/cubrid/work/cubrid/src/connection/tcp.c, line 1480
The css_peer_alive() is calling.
Time: 11/01/22 17:08:32.542 - DEBUG *** file /home/cubrid/work/cubrid/src/connection/tcp.c, line 1480
The css_peer_alive() is calling.
Time: 11/01/22 17:08:37.547 - DEBUG *** file /home/cubrid/work/cubrid/src/connection/tcp.c, line 1480
The css_peer_alive() is calling.
Time: 11/01/22 17:08:42.547 - DEBUG *** file /home/cubrid/work/cubrid/src/connection/tcp.c, line 1480
The css_peer_alive() is calling.
Time: 11/01/22 17:08:47.548 - DEBUG *** file /home/cubrid/work/cubrid/src/connection/tcp.c, line 1480
The css_peer_alive() is calling.
Time: 11/01/22 17:08:52.555 - DEBUG *** file /home/cubrid/work/cubrid/src/connection/tcp.c, line 1480
The css_peer_alive() is calling.
Time: 11/01/22 17:08:57.559 - DEBUG *** file /home/cubrid/work/cubrid/src/connection/tcp.c, line 1480
The css_peer_alive() is calling.
Time: 11/01/22 17:09:02.562 - DEBUG *** file /home/cubrid/work/cubrid/src/connection/tcp.c, line 1480
The css_peer_alive() is calling.